{"/home/travis/build/npmtest/node-npmtest-spindrift/test.js":{"path":"/home/travis/build/npmtest/node-npmtest-spindrift/test.js","s":{"1":2,"2":2,"3":2,"4":2,"5":2,"6":2,"7":2,"8":1,"9":2,"10":2,"11":1,"12":1,"13":1,"14":1,"15":2,"16":2,"17":2,"18":2,"19":1,"20":1,"21":2,"22":2,"23":2,"24":1,"25":1,"26":1,"27":1,"28":1,"29":1,"30":1,"31":1,"32":1,"33":1,"34":1,"35":1,"36":1,"37":1,"38":1,"39":2,"40":2,"41":1,"42":2,"43":2,"44":1,"45":2,"46":2,"47":1,"48":2,"49":2,"50":1,"51":1,"52":1,"53":1,"54":1},"b":{"1":[2,1,1,1],"2":[1,1,1,1],"3":[1,1],"4":[1,1],"5":[1,1],"6":[1,1],"7":[1,1],"8":[1,1],"9":[1,1],"10":[1,1,1],"11":[1,1],"12":[1,1],"13":[1,1],"14":[1,1],"15":[1,1],"16":[1,1],"17":[1,1]},"f":{"1":2,"2":2,"3":2,"4":2,"5":2,"6":1,"7":1,"8":1,"9":2,"10":2,"11":2,"12":2,"13":1},"fnMap":{"1":{"name":"(anonymous_1)","line":12,"loc":{"start":{"line":12,"column":1},"end":{"line":12,"column":13}}},"2":{"name":"(anonymous_2)","line":19,"loc":{"start":{"line":19,"column":5},"end":{"line":19,"column":17}}},"3":{"name":"(anonymous_3)","line":23,"loc":{"start":{"line":23,"column":24},"end":{"line":23,"column":36}}},"4":{"name":"(anonymous_4)","line":61,"loc":{"start":{"line":61,"column":5},"end":{"line":61,"column":17}}},"5":{"name":"(anonymous_5)","line":82,"loc":{"start":{"line":82,"column":5},"end":{"line":82,"column":17}}},"6":{"name":"(anonymous_6)","line":91,"loc":{"start":{"line":91,"column":77},"end":{"line":94,"column":10}}},"7":{"name":"(anonymous_7)","line":112,"loc":{"start":{"line":112,"column":83},"end":{"line":115,"column":10}},"skip":true},"8":{"name":"(anonymous_8)","line":123,"loc":{"start":{"line":123,"column":77},"end":{"line":126,"column":10}},"skip":true},"9":{"name":"(anonymous_9)","line":139,"loc":{"start":{"line":139,"column":12},"end":{"line":139,"column":40}},"skip":true},"10":{"name":"(anonymous_10)","line":147,"loc":{"start":{"line":147,"column":77},"end":{"line":150,"column":10}},"skip":true},"11":{"name":"(anonymous_11)","line":158,"loc":{"start":{"line":158,"column":83},"end":{"line":161,"column":10}},"skip":true},"12":{"name":"(anonymous_12)","line":169,"loc":{"start":{"line":169,"column":79},"end":{"line":172,"column":10}},"skip":true},"13":{"name":"(anonymous_13)","line":180,"loc":{"start":{"line":180,"column":75},"end":{"line":183,"column":10}},"skip":true}},"statementMap":{"1":{"start":{"line":12,"column":0},"end":{"line":195,"column":5}},"2":{"start":{"line":14,"column":4},"end":{"line":14,"column":14}},"3":{"start":{"line":19,"column":4},"end":{"line":56,"column":9}},"4":{"start":{"line":21,"column":8},"end":{"line":21,"column":19}},"5":{"start":{"line":23,"column":8},"end":{"line":35,"column":13}},"6":{"start":{"line":24,"column":12},"end":{"line":34,"column":13}},"7":{"start":{"line":25,"column":16},"end":{"line":28,"column":30}},"8":{"start":{"line":30,"column":16},"end":{"line":33,"column":27}},"9":{"start":{"line":37,"column":8},"end":{"line":39,"column":21}},"10":{"start":{"line":40,"column":8},"end":{"line":53,"column":9}},"11":{"start":{"line":43,"column":12},"end":{"line":46,"column":14}},"12":{"start":{"line":47,"column":12},"end":{"line":47,"column":18}},"13":{"start":{"line":50,"column":12},"end":{"line":51,"column":46}},"14":{"start":{"line":52,"column":12},"end":{"line":52,"column":18}},"15":{"start":{"line":55,"column":8},"end":{"line":55,"column":35}},"16":{"start":{"line":61,"column":4},"end":{"line":63,"column":9}},"17":{"start":{"line":62,"column":8},"end":{"line":62,"column":15}},"18":{"start":{"line":64,"column":4},"end":{"line":77,"column":5}},"19":{"start":{"line":70,"column":8},"end":{"line":70,"column":14}},"20":{"start":{"line":76,"column":8},"end":{"line":76,"column":14}},"21":{"start":{"line":82,"column":4},"end":{"line":84,"column":9}},"22":{"start":{"line":83,"column":8},"end":{"line":83,"column":15}},"23":{"start":{"line":85,"column":4},"end":{"line":194,"column":5}},"24":{"start":{"line":91,"column":8},"end":{"line":99,"column":10}},"25":{"start":{"line":98,"column":12},"end":{"line":98,"column":35}},"26":{"start":{"line":102,"column":8},"end":{"line":104,"column":63}},"27":{"start":{"line":105,"column":8},"end":{"line":105,"column":14}},"28":{"start":{"line":112,"column":8},"end":{"line":121,"column":10},"skip":true},"29":{"start":{"line":119,"column":12},"end":{"line":119,"column":55},"skip":true},"30":{"start":{"line":120,"column":12},"end":{"line":120,"column":48},"skip":true},"31":{"start":{"line":123,"column":8},"end":{"line":136,"column":10},"skip":true},"32":{"start":{"line":130,"column":12},"end":{"line":130,"column":76},"skip":true},"33":{"start":{"line":131,"column":12},"end":{"line":131,"column":73},"skip":true},"34":{"start":{"line":132,"column":12},"end":{"line":132,"column":74},"skip":true},"35":{"start":{"line":133,"column":12},"end":{"line":133,"column":79},"skip":true},"36":{"start":{"line":134,"column":12},"end":{"line":134,"column":25},"skip":true},"37":{"start":{"line":135,"column":12},"end":{"line":135,"column":45},"skip":true},"38":{"start":{"line":138,"column":8},"end":{"line":145,"column":14},"skip":true},"39":{"start":{"line":143,"column":16},"end":{"line":143,"column":29},"skip":true},"40":{"start":{"line":144,"column":16},"end":{"line":144,"column":55},"skip":true},"41":{"start":{"line":147,"column":8},"end":{"line":156,"column":10},"skip":true},"42":{"start":{"line":154,"column":12},"end":{"line":154,"column":25},"skip":true},"43":{"start":{"line":155,"column":12},"end":{"line":155,"column":45},"skip":true},"44":{"start":{"line":158,"column":8},"end":{"line":167,"column":10},"skip":true},"45":{"start":{"line":165,"column":12},"end":{"line":165,"column":25},"skip":true},"46":{"start":{"line":166,"column":12},"end":{"line":166,"column":48},"skip":true},"47":{"start":{"line":169,"column":8},"end":{"line":178,"column":10},"skip":true},"48":{"start":{"line":176,"column":12},"end":{"line":176,"column":25},"skip":true},"49":{"start":{"line":177,"column":12},"end":{"line":177,"column":46},"skip":true},"50":{"start":{"line":180,"column":8},"end":{"line":189,"column":10},"skip":true},"51":{"start":{"line":187,"column":12},"end":{"line":187,"column":94},"skip":true},"52":{"start":{"line":188,"column":12},"end":{"line":188,"column":48},"skip":true},"53":{"start":{"line":192,"column":8},"end":{"line":192,"column":35},"skip":true},"54":{"start":{"line":193,"column":8},"end":{"line":193,"column":14},"skip":true}},"branchMap":{"1":{"line":25,"type":"binary-expr","locations":[{"start":{"line":25,"column":23},"end":{"line":25,"column":62}},{"start":{"line":26,"column":20},"end":{"line":26,"column":70}},{"start":{"line":27,"column":20},"end":{"line":27,"column":71}},{"start":{"line":28,"column":20},"end":{"line":28,"column":29}}]},"2":{"line":30,"type":"binary-expr","locations":[{"start":{"line":30,"column":23},"end":{"line":30,"column":37}},{"start":{"line":31,"column":20},"end":{"line":31,"column":61}},{"start":{"line":32,"column":20},"end":{"line":32,"column":70}},{"start":{"line":33,"column":20},"end":{"line":33,"column":26}}]},"3":{"line":37,"type":"cond-expr","locations":[{"start":{"line":38,"column":14},"end":{"line":38,"column":20}},{"start":{"line":39,"column":14},"end":{"line":39,"column":20}}]},"4":{"line":40,"type":"switch","locations":[{"start":{"line":42,"column":8},"end":{"line":47,"column":18}},{"start":{"line":49,"column":8},"end":{"line":52,"column":18}}]},"5":{"line":44,"type":"binary-expr","locations":[{"start":{"line":44,"column":16},"end":{"line":44,"column":44}},{"start":{"line":44,"column":48},"end":{"line":44,"column":66}}]},"6":{"line":50,"type":"binary-expr","locations":[{"start":{"line":50,"column":21},"end":{"line":50,"column":49}},{"start":{"line":50,"column":53},"end":{"line":50,"column":72}}]},"7":{"line":64,"type":"switch","locations":[{"start":{"line":69,"column":4},"end":{"line":70,"column":14}},{"start":{"line":75,"column":4},"end":{"line":76,"column":14}}]},"8":{"line":85,"type":"switch","locations":[{"start":{"line":90,"column":4},"end":{"line":105,"column":14}},{"start":{"line":111,"column":4},"end":{"line":193,"column":14},"skip":true}]},"9":{"line":91,"type":"binary-expr","locations":[{"start":{"line":91,"column":42},"end":{"line":91,"column":73}},{"start":{"line":91,"column":77},"end":{"line":99,"column":9}}]},"10":{"line":102,"type":"binary-expr","locations":[{"start":{"line":102,"column":18},"end":{"line":102,"column":32}},{"start":{"line":103,"column":12},"end":{"line":103,"column":53}},{"start":{"line":104,"column":12},"end":{"line":104,"column":61}}]},"11":{"line":112,"type":"binary-expr","locations":[{"start":{"line":112,"column":45},"end":{"line":112,"column":79},"skip":true},{"start":{"line":112,"column":83},"end":{"line":121,"column":9},"skip":true}]},"12":{"line":123,"type":"binary-expr","locations":[{"start":{"line":123,"column":42},"end":{"line":123,"column":73},"skip":true},{"start":{"line":123,"column":77},"end":{"line":136,"column":9},"skip":true}]},"13":{"line":138,"type":"binary-expr","locations":[{"start":{"line":138,"column":48},"end":{"line":138,"column":85},"skip":true},{"start":{"line":139,"column":12},"end":{"line":145,"column":13},"skip":true}]},"14":{"line":147,"type":"binary-expr","locations":[{"start":{"line":147,"column":42},"end":{"line":147,"column":73},"skip":true},{"start":{"line":147,"column":77},"end":{"line":156,"column":9},"skip":true}]},"15":{"line":158,"type":"binary-expr","locations":[{"start":{"line":158,"column":45},"end":{"line":158,"column":79},"skip":true},{"start":{"line":158,"column":83},"end":{"line":167,"column":9},"skip":true}]},"16":{"line":169,"type":"binary-expr","locations":[{"start":{"line":169,"column":43},"end":{"line":169,"column":75},"skip":true},{"start":{"line":169,"column":79},"end":{"line":178,"column":9},"skip":true}]},"17":{"line":180,"type":"binary-expr","locations":[{"start":{"line":180,"column":41},"end":{"line":180,"column":71},"skip":true},{"start":{"line":180,"column":75},"end":{"line":189,"column":9},"skip":true}]}},"code":["/* istanbul instrument in package npmtest_spindrift */","/*jslint","    bitwise: true,","    browser: true,","    maxerr: 8,","    maxlen: 96,","    node: true,","    nomen: true,","    regexp: true,","    stupid: true","*/","(function () {","    'use strict';","    var local;","","","","    // run shared js-env code - pre-init","    (function () {","        // init local","        local = {};","        // init modeJs","        local.modeJs = (function () {","            try {","                return typeof navigator.userAgent === 'string' &&","                    typeof document.querySelector('body') === 'object' &&","                    typeof XMLHttpRequest.prototype.open === 'function' &&","                    'browser';","            } catch (errorCaughtBrowser) {","                return module.exports &&","                    typeof process.versions.node === 'string' &&","                    typeof require('http').createServer === 'function' &&","                    'node';","            }","        }());","        // init global","        local.global = local.modeJs === 'browser'","            ? window","            : global;","        switch (local.modeJs) {","        // re-init local from window.local","        case 'browser':","            local = local.global.utility2.objectSetDefault(","                local.global.utility2_rollup || local.global.local,","                local.global.utility2","            );","            break;","        // re-init local from example.js","        case 'node':","            local = (local.global.utility2_rollup || require('utility2'))","                .requireExampleJsFromReadme();","            break;","        }","        // export local","        local.global.local = local;","    }());","","","","    // run shared js-env code - function","    (function () {","        return;","    }());","    switch (local.modeJs) {","","","","    // run browser js-env code - function","    case 'browser':","        break;","","","","    // run node js-env code - function","    case 'node':","        break;","    }","","","","    // run shared js-env code - post-init","    (function () {","        return;","    }());","    switch (local.modeJs) {","","","","    // run browser js-env code - post-init","    case 'browser':","        local.testCase_browser_nullCase = local.testCase_browser_nullCase || function (","            options,","            onError","        ) {","        /*","         * this function will test browsers's null-case handling-behavior-behavior","         */","            onError(null, options);","        };","","        // run tests","        local.nop(local.modeTest &&","            document.querySelector('#testRunButton1') &&","            document.querySelector('#testRunButton1').click());","        break;","","","","    // run node js-env code - post-init","    /* istanbul ignore next */","    case 'node':","        local.testCase_buildApidoc_default = local.testCase_buildApidoc_default || function (","            options,","            onError","        ) {","        /*","         * this function will test buildApidoc's default handling-behavior-behavior","         */","            options = { modulePathList: module.paths };","            local.buildApidoc(options, onError);","        };","","        local.testCase_buildApp_default = local.testCase_buildApp_default || function (","            options,","            onError","        ) {","        /*","         * this function will test buildApp's default handling-behavior-behavior","         */","            local.testCase_buildReadme_default(options, local.onErrorThrow);","            local.testCase_buildLib_default(options, local.onErrorThrow);","            local.testCase_buildTest_default(options, local.onErrorThrow);","            local.testCase_buildCustomOrg_default(options, local.onErrorThrow);","            options = [];","            local.buildApp(options, onError);","        };","","        local.testCase_buildCustomOrg_default = local.testCase_buildCustomOrg_default ||","            function (options, onError) {","            /*","             * this function will test buildCustomOrg's default handling-behavior","             */","                options = {};","                local.buildCustomOrg(options, onError);","            };","","        local.testCase_buildLib_default = local.testCase_buildLib_default || function (","            options,","            onError","        ) {","        /*","         * this function will test buildLib's default handling-behavior","         */","            options = {};","            local.buildLib(options, onError);","        };","","        local.testCase_buildReadme_default = local.testCase_buildReadme_default || function (","            options,","            onError","        ) {","        /*","         * this function will test buildReadme's default handling-behavior-behavior","         */","            options = {};","            local.buildReadme(options, onError);","        };","","        local.testCase_buildTest_default = local.testCase_buildTest_default || function (","            options,","            onError","        ) {","        /*","         * this function will test buildTest's default handling-behavior","         */","            options = {};","            local.buildTest(options, onError);","        };","","        local.testCase_webpage_default = local.testCase_webpage_default || function (","            options,","            onError","        ) {","        /*","         * this function will test webpage's default handling-behavior","         */","            options = { modeCoverageMerge: true, url: local.serverLocalHost + '?modeTest=1' };","            local.browserTest(options, onError);","        };","","        // run test-server","        local.testRunServer(local);","        break;","    }","}());",""],"l":{"12":2,"14":2,"19":2,"21":2,"23":2,"24":2,"25":2,"30":1,"37":2,"40":2,"43":1,"47":1,"50":1,"52":1,"55":2,"61":2,"62":2,"64":2,"70":1,"76":1,"82":2,"83":2,"85":2,"91":1,"98":1,"102":1,"105":1,"112":1,"119":1,"120":1,"123":1,"130":1,"131":1,"132":1,"133":1,"134":1,"135":1,"138":1,"143":2,"144":2,"147":1,"154":2,"155":2,"158":1,"165":2,"166":2,"169":1,"176":2,"177":2,"180":1,"187":1,"188":1,"192":1,"193":1}},"/home/travis/build/npmtest/node-npmtest-spindrift/lib.npmtest_spindrift.js":{"path":"/home/travis/build/npmtest/node-npmtest-spindrift/lib.npmtest_spindrift.js","s":{"1":2,"2":2,"3":2,"4":2,"5":2,"6":2,"7":2,"8":1,"9":2,"10":2,"11":2,"12":2,"13":1,"14":1,"15":1,"16":1},"b":{"1":[2,1,1,1],"2":[1,1,1,1],"3":[1,1],"4":[2,2],"5":[1,1]},"f":{"1":2,"2":2,"3":2},"fnMap":{"1":{"name":"(anonymous_1)","line":12,"loc":{"start":{"line":12,"column":1},"end":{"line":12,"column":13}}},"2":{"name":"(anonymous_2)","line":19,"loc":{"start":{"line":19,"column":5},"end":{"line":19,"column":17}}},"3":{"name":"(anonymous_3)","line":23,"loc":{"start":{"line":23,"column":24},"end":{"line":23,"column":36}}}},"statementMap":{"1":{"start":{"line":12,"column":0},"end":{"line":53,"column":5}},"2":{"start":{"line":14,"column":4},"end":{"line":14,"column":14}},"3":{"start":{"line":19,"column":4},"end":{"line":52,"column":9}},"4":{"start":{"line":21,"column":8},"end":{"line":21,"column":19}},"5":{"start":{"line":23,"column":8},"end":{"line":35,"column":13}},"6":{"start":{"line":24,"column":12},"end":{"line":34,"column":13}},"7":{"start":{"line":25,"column":16},"end":{"line":28,"column":30}},"8":{"start":{"line":30,"column":16},"end":{"line":33,"column":27}},"9":{"start":{"line":37,"column":8},"end":{"line":39,"column":21}},"10":{"start":{"line":41,"column":8},"end":{"line":41,"column":54}},"11":{"start":{"line":43,"column":8},"end":{"line":43,"column":54}},"12":{"start":{"line":45,"column":8},"end":{"line":51,"column":9}},"13":{"start":{"line":46,"column":12},"end":{"line":46,"column":60}},"14":{"start":{"line":48,"column":12},"end":{"line":48,"column":35}},"15":{"start":{"line":49,"column":12},"end":{"line":49,"column":49}},"16":{"start":{"line":50,"column":12},"end":{"line":50,"column":43}}},"branchMap":{"1":{"line":25,"type":"binary-expr","locations":[{"start":{"line":25,"column":23},"end":{"line":25,"column":62}},{"start":{"line":26,"column":20},"end":{"line":26,"column":70}},{"start":{"line":27,"column":20},"end":{"line":27,"column":71}},{"start":{"line":28,"column":20},"end":{"line":28,"column":29}}]},"2":{"line":30,"type":"binary-expr","locations":[{"start":{"line":30,"column":23},"end":{"line":30,"column":37}},{"start":{"line":31,"column":20},"end":{"line":31,"column":61}},{"start":{"line":32,"column":20},"end":{"line":32,"column":70}},{"start":{"line":33,"column":20},"end":{"line":33,"column":26}}]},"3":{"line":37,"type":"cond-expr","locations":[{"start":{"line":38,"column":14},"end":{"line":38,"column":20}},{"start":{"line":39,"column":14},"end":{"line":39,"column":20}}]},"4":{"line":41,"type":"binary-expr","locations":[{"start":{"line":41,"column":16},"end":{"line":41,"column":44}},{"start":{"line":41,"column":48},"end":{"line":41,"column":53}}]},"5":{"line":45,"type":"if","locations":[{"start":{"line":45,"column":8},"end":{"line":45,"column":8}},{"start":{"line":45,"column":8},"end":{"line":45,"column":8}}]}},"code":["/* istanbul instrument in package npmtest_spindrift */","/*jslint","    bitwise: true,","    browser: true,","    maxerr: 8,","    maxlen: 96,","    node: true,","    nomen: true,","    regexp: true,","    stupid: true","*/","(function () {","    'use strict';","    var local;","","","","    // run shared js-env code - pre-init","    (function () {","        // init local","        local = {};","        // init modeJs","        local.modeJs = (function () {","            try {","                return typeof navigator.userAgent === 'string' &&","                    typeof document.querySelector('body') === 'object' &&","                    typeof XMLHttpRequest.prototype.open === 'function' &&","                    'browser';","            } catch (errorCaughtBrowser) {","                return module.exports &&","                    typeof process.versions.node === 'string' &&","                    typeof require('http').createServer === 'function' &&","                    'node';","            }","        }());","        // init global","        local.global = local.modeJs === 'browser'","            ? window","            : global;","        // init utility2_rollup","        local = local.global.utility2_rollup || local;","        // init lib","        local.local = local.npmtest_spindrift = local;","        // init exports","        if (local.modeJs === 'browser') {","            local.global.utility2_npmtest_spindrift = local;","        } else {","            module.exports = local;","            module.exports.__dirname = __dirname;","            module.exports.module = module;","        }","    }());","}());",""],"l":{"12":2,"14":2,"19":2,"21":2,"23":2,"24":2,"25":2,"30":1,"37":2,"41":2,"43":2,"45":2,"46":1,"48":1,"49":1,"50":1}},"/home/travis/build/npmtest/node-npmtest-spindrift/example.js":{"path":"/home/travis/build/npmtest/node-npmtest-spindrift/example.js","s":{"1":2,"2":2,"3":2,"4":2,"5":2,"6":2,"7":2,"8":1,"9":2,"10":2,"11":2,"12":2,"13":1,"14":2,"15":2,"16":2,"17":2,"18":2,"19":0,"20":2,"21":1,"22":1,"23":1,"24":1,"25":1,"26":0,"27":0,"28":1,"29":1,"30":2,"31":0,"32":0,"33":0,"34":1,"35":2,"36":2,"37":3,"38":3,"39":3,"40":3,"41":0,"42":3,"43":3,"44":3,"45":1,"46":3,"47":1,"48":1,"49":1,"50":1,"51":1,"52":1,"53":1,"54":1,"55":1,"56":1,"57":0,"58":1,"59":6,"60":6,"61":1,"62":2,"63":0,"64":2,"65":1,"66":1,"67":0,"68":0,"69":0,"70":0,"71":0,"72":0,"73":0,"74":0,"75":0,"76":0,"77":0,"78":0,"79":0,"80":0,"81":0,"82":0,"83":0},"b":{"1":[2,1,1,1],"2":[1,1,1,1],"3":[1,1],"4":[2,2],"5":[1,1],"6":[1,1],"7":[2,0],"8":[2,1,1,1,1,1],"9":[0,2,0],"10":[1,1],"11":[2,1,1],"12":[1,0],"13":[0,2],"14":[2,0,0,0,0,0,0],"15":[0,3],"16":[3,0],"17":[1,1],"18":[0,1],"19":[1,2,0,2],"20":[1,0],"21":[1,1],"22":[0,0],"23":[0,0],"24":[0,0],"25":[0,0],"26":[0,0],"27":[0,0],"28":[0,0]},"f":{"1":2,"2":2,"3":2,"4":2,"5":2,"6":2,"7":3,"8":3,"9":3,"10":1,"11":6,"12":0},"fnMap":{"1":{"name":"(anonymous_1)","line":26,"loc":{"start":{"line":26,"column":1},"end":{"line":26,"column":13}}},"2":{"name":"(anonymous_2)","line":33,"loc":{"start":{"line":33,"column":5},"end":{"line":33,"column":17}}},"3":{"name":"(anonymous_3)","line":37,"loc":{"start":{"line":37,"column":24},"end":{"line":37,"column":36}}},"4":{"name":"(anonymous_4)","line":69,"loc":{"start":{"line":69,"column":31},"end":{"line":69,"column":48}},"skip":true},"5":{"name":"(anonymous_5)","line":78,"loc":{"start":{"line":78,"column":26},"end":{"line":78,"column":45}},"skip":true},"6":{"name":"(anonymous_6)","line":123,"loc":{"start":{"line":123,"column":33},"end":{"line":123,"column":48}},"skip":true},"7":{"name":"(anonymous_7)","line":125,"loc":{"start":{"line":125,"column":27},"end":{"line":125,"column":39}},"skip":true},"8":{"name":"(anonymous_8)","line":133,"loc":{"start":{"line":133,"column":59},"end":{"line":133,"column":74}},"skip":true},"9":{"name":"(anonymous_9)","line":143,"loc":{"start":{"line":143,"column":45},"end":{"line":143,"column":62}},"skip":true},"10":{"name":"(anonymous_10)","line":144,"loc":{"start":{"line":144,"column":73},"end":{"line":144,"column":92}},"skip":true},"11":{"name":"(anonymous_11)","line":272,"loc":{"start":{"line":272,"column":51},"end":{"line":272,"column":77}},"skip":true},"12":{"name":"(anonymous_12)","line":315,"loc":{"start":{"line":315,"column":32},"end":{"line":315,"column":61}},"skip":true}},"statementMap":{"1":{"start":{"line":26,"column":0},"end":{"line":326,"column":5}},"2":{"start":{"line":28,"column":4},"end":{"line":28,"column":14}},"3":{"start":{"line":33,"column":4},"end":{"line":60,"column":9}},"4":{"start":{"line":35,"column":8},"end":{"line":35,"column":19}},"5":{"start":{"line":37,"column":8},"end":{"line":49,"column":13}},"6":{"start":{"line":38,"column":12},"end":{"line":48,"column":13}},"7":{"start":{"line":39,"column":16},"end":{"line":42,"column":30}},"8":{"start":{"line":44,"column":16},"end":{"line":47,"column":27}},"9":{"start":{"line":51,"column":8},"end":{"line":53,"column":21}},"10":{"start":{"line":55,"column":8},"end":{"line":57,"column":45}},"11":{"start":{"line":59,"column":8},"end":{"line":59,"column":35}},"12":{"start":{"line":61,"column":4},"end":{"line":325,"column":5}},"13":{"start":{"line":69,"column":8},"end":{"line":121,"column":10},"skip":true},"14":{"start":{"line":70,"column":12},"end":{"line":88,"column":13},"skip":true},"15":{"start":{"line":76,"column":16},"end":{"line":87,"column":19},"skip":true},"16":{"start":{"line":79,"column":20},"end":{"line":86,"column":21},"skip":true},"17":{"start":{"line":82,"column":24},"end":{"line":82,"column":43},"skip":true},"18":{"start":{"line":83,"column":24},"end":{"line":83,"column":30},"skip":true},"19":{"start":{"line":85,"column":24},"end":{"line":85,"column":49},"skip":true},"20":{"start":{"line":89,"column":12},"end":{"line":107,"column":13},"skip":true},"21":{"start":{"line":92,"column":16},"end":{"line":102,"column":17},"skip":true},"22":{"start":{"line":93,"column":20},"end":{"line":93,"column":86},"skip":true},"23":{"start":{"line":94,"column":20},"end":{"line":95,"column":45},"skip":true},"24":{"start":{"line":96,"column":20},"end":{"line":96,"column":42},"skip":true},"25":{"start":{"line":97,"column":20},"end":{"line":97,"column":48},"skip":true},"26":{"start":{"line":100,"column":20},"end":{"line":100,"column":85},"skip":true},"27":{"start":{"line":101,"column":20},"end":{"line":101,"column":96},"skip":true},"28":{"start":{"line":103,"column":16},"end":{"line":103,"column":22},"skip":true},"29":{"start":{"line":106,"column":16},"end":{"line":106,"column":22},"skip":true},"30":{"start":{"line":108,"column":12},"end":{"line":120,"column":13},"skip":true},"31":{"start":{"line":114,"column":16},"end":{"line":119,"column":17},"skip":true},"32":{"start":{"line":116,"column":20},"end":{"line":116,"column":78},"skip":true},"33":{"start":{"line":118,"column":20},"end":{"line":118,"column":47},"skip":true},"34":{"start":{"line":123,"column":8},"end":{"line":141,"column":11},"skip":true},"35":{"start":{"line":124,"column":12},"end":{"line":124,"column":54},"skip":true},"36":{"start":{"line":125,"column":12},"end":{"line":140,"column":14},"skip":true},"37":{"start":{"line":126,"column":16},"end":{"line":126,"column":28},"skip":true},"38":{"start":{"line":127,"column":16},"end":{"line":127,"column":69},"skip":true},"39":{"start":{"line":128,"column":16},"end":{"line":128,"column":75},"skip":true},"40":{"start":{"line":129,"column":16},"end":{"line":131,"column":17},"skip":true},"41":{"start":{"line":130,"column":20},"end":{"line":130,"column":27},"skip":true},"42":{"start":{"line":133,"column":16},"end":{"line":137,"column":36},"skip":true},"43":{"start":{"line":134,"column":20},"end":{"line":136,"column":55},"skip":true},"44":{"start":{"line":139,"column":16},"end":{"line":139,"column":57},"skip":true},"45":{"start":{"line":143,"column":8},"end":{"line":147,"column":11},"skip":true},"46":{"start":{"line":144,"column":12},"end":{"line":146,"column":15},"skip":true},"47":{"start":{"line":145,"column":16},"end":{"line":145,"column":70},"skip":true},"48":{"start":{"line":149,"column":8},"end":{"line":149,"column":31},"skip":true},"49":{"start":{"line":150,"column":8},"end":{"line":150,"column":14},"skip":true},"50":{"start":{"line":158,"column":8},"end":{"line":158,"column":31},"skip":true},"51":{"start":{"line":160,"column":8},"end":{"line":160,"column":33},"skip":true},"52":{"start":{"line":161,"column":8},"end":{"line":161,"column":37},"skip":true},"53":{"start":{"line":162,"column":8},"end":{"line":162,"column":35},"skip":true},"54":{"start":{"line":164,"column":8},"end":{"line":164,"column":50},"skip":true},"55":{"start":{"line":166,"column":8},"end":{"line":256,"column":2},"skip":true},"56":{"start":{"line":258,"column":8},"end":{"line":286,"column":9},"skip":true},"57":{"start":{"line":259,"column":12},"end":{"line":269,"column":14},"skip":true},"58":{"start":{"line":271,"column":12},"end":{"line":285,"column":19},"skip":true},"59":{"start":{"line":274,"column":20},"end":{"line":274,"column":35},"skip":true},"60":{"start":{"line":275,"column":20},"end":{"line":284,"column":21},"skip":true},"61":{"start":{"line":277,"column":24},"end":{"line":277,"column":64},"skip":true},"62":{"start":{"line":279,"column":24},"end":{"line":279,"column":40},"skip":true},"63":{"start":{"line":281,"column":24},"end":{"line":281,"column":40},"skip":true},"64":{"start":{"line":283,"column":24},"end":{"line":283,"column":39},"skip":true},"65":{"start":{"line":288,"column":8},"end":{"line":290,"column":9},"skip":true},"66":{"start":{"line":289,"column":12},"end":{"line":289,"column":18},"skip":true},"67":{"start":{"line":291,"column":8},"end":{"line":293,"column":54},"skip":true},"68":{"start":{"line":296,"column":8},"end":{"line":301,"column":37},"skip":true},"69":{"start":{"line":303,"column":8},"end":{"line":303,"column":82},"skip":true},"70":{"start":{"line":306,"column":8},"end":{"line":308,"column":9},"skip":true},"71":{"start":{"line":307,"column":12},"end":{"line":307,"column":82},"skip":true},"72":{"start":{"line":310,"column":8},"end":{"line":312,"column":9},"skip":true},"73":{"start":{"line":311,"column":12},"end":{"line":311,"column":18},"skip":true},"74":{"start":{"line":313,"column":8},"end":{"line":313,"column":54},"skip":true},"75":{"start":{"line":314,"column":8},"end":{"line":314,"column":69},"skip":true},"76":{"start":{"line":315,"column":8},"end":{"line":323,"column":36},"skip":true},"77":{"start":{"line":316,"column":12},"end":{"line":316,"column":61},"skip":true},"78":{"start":{"line":317,"column":12},"end":{"line":320,"column":13},"skip":true},"79":{"start":{"line":318,"column":16},"end":{"line":318,"column":75},"skip":true},"80":{"start":{"line":319,"column":16},"end":{"line":319,"column":23},"skip":true},"81":{"start":{"line":321,"column":12},"end":{"line":321,"column":38},"skip":true},"82":{"start":{"line":322,"column":12},"end":{"line":322,"column":27},"skip":true},"83":{"start":{"line":324,"column":8},"end":{"line":324,"column":14},"skip":true}},"branchMap":{"1":{"line":39,"type":"binary-expr","locations":[{"start":{"line":39,"column":23},"end":{"line":39,"column":62}},{"start":{"line":40,"column":20},"end":{"line":40,"column":70}},{"start":{"line":41,"column":20},"end":{"line":41,"column":71}},{"start":{"line":42,"column":20},"end":{"line":42,"column":29}}]},"2":{"line":44,"type":"binary-expr","locations":[{"start":{"line":44,"column":23},"end":{"line":44,"column":37}},{"start":{"line":45,"column":20},"end":{"line":45,"column":61}},{"start":{"line":46,"column":20},"end":{"line":46,"column":70}},{"start":{"line":47,"column":20},"end":{"line":47,"column":26}}]},"3":{"line":51,"type":"cond-expr","locations":[{"start":{"line":52,"column":14},"end":{"line":52,"column":20}},{"start":{"line":53,"column":14},"end":{"line":53,"column":20}}]},"4":{"line":55,"type":"binary-expr","locations":[{"start":{"line":55,"column":16},"end":{"line":55,"column":44}},{"start":{"line":55,"column":49},"end":{"line":57,"column":43}}]},"5":{"line":55,"type":"cond-expr","locations":[{"start":{"line":56,"column":14},"end":{"line":56,"column":53}},{"start":{"line":57,"column":14},"end":{"line":57,"column":43}}]},"6":{"line":61,"type":"switch","locations":[{"start":{"line":68,"column":4},"end":{"line":150,"column":14},"skip":true},{"start":{"line":156,"column":4},"end":{"line":324,"column":14},"skip":true}]},"7":{"line":70,"type":"if","locations":[{"start":{"line":70,"column":12},"end":{"line":70,"column":12},"skip":true},{"start":{"line":70,"column":12},"end":{"line":70,"column":12},"skip":true}]},"8":{"line":70,"type":"binary-expr","locations":[{"start":{"line":70,"column":16},"end":{"line":70,"column":22},"skip":true},{"start":{"line":70,"column":27},"end":{"line":70,"column":32},"skip":true},{"start":{"line":71,"column":20},"end":{"line":71,"column":39},"skip":true},{"start":{"line":72,"column":20},"end":{"line":72,"column":49},"skip":true},{"start":{"line":73,"column":20},"end":{"line":73,"column":58},"skip":true},{"start":{"line":74,"column":20},"end":{"line":74,"column":69},"skip":true}]},"9":{"line":79,"type":"switch","locations":[{"start":{"line":80,"column":20},"end":{"line":80,"column":33},"skip":true},{"start":{"line":81,"column":20},"end":{"line":83,"column":30},"skip":true},{"start":{"line":84,"column":20},"end":{"line":85,"column":49},"skip":true}]},"10":{"line":89,"type":"switch","locations":[{"start":{"line":90,"column":12},"end":{"line":103,"column":22},"skip":true},{"start":{"line":105,"column":12},"end":{"line":106,"column":22},"skip":true}]},"11":{"line":89,"type":"binary-expr","locations":[{"start":{"line":89,"column":20},"end":{"line":89,"column":25},"skip":true},{"start":{"line":89,"column":29},"end":{"line":89,"column":48},"skip":true},{"start":{"line":89,"column":52},"end":{"line":89,"column":74},"skip":true}]},"12":{"line":92,"type":"if","locations":[{"start":{"line":92,"column":16},"end":{"line":92,"column":16},"skip":true},{"start":{"line":92,"column":16},"end":{"line":92,"column":16},"skip":true}]},"13":{"line":108,"type":"if","locations":[{"start":{"line":108,"column":12},"end":{"line":108,"column":12},"skip":true},{"start":{"line":108,"column":12},"end":{"line":108,"column":12},"skip":true}]},"14":{"line":108,"type":"binary-expr","locations":[{"start":{"line":108,"column":16},"end":{"line":108,"column":61},"skip":true},{"start":{"line":108,"column":66},"end":{"line":108,"column":72},"skip":true},{"start":{"line":108,"column":77},"end":{"line":108,"column":82},"skip":true},{"start":{"line":109,"column":20},"end":{"line":109,"column":39},"skip":true},{"start":{"line":110,"column":20},"end":{"line":110,"column":49},"skip":true},{"start":{"line":111,"column":20},"end":{"line":111,"column":58},"skip":true},{"start":{"line":112,"column":20},"end":{"line":112,"column":68},"skip":true}]},"15":{"line":129,"type":"if","locations":[{"start":{"line":129,"column":16},"end":{"line":129,"column":16},"skip":true},{"start":{"line":129,"column":16},"end":{"line":129,"column":16},"skip":true}]},"16":{"line":134,"type":"cond-expr","locations":[{"start":{"line":135,"column":26},"end":{"line":135,"column":29},"skip":true},{"start":{"line":136,"column":26},"end":{"line":136,"column":54},"skip":true}]},"17":{"line":164,"type":"binary-expr","locations":[{"start":{"line":164,"column":27},"end":{"line":164,"column":43},"skip":true},{"start":{"line":164,"column":47},"end":{"line":164,"column":49},"skip":true}]},"18":{"line":258,"type":"if","locations":[{"start":{"line":258,"column":8},"end":{"line":258,"column":8},"skip":true},{"start":{"line":258,"column":8},"end":{"line":258,"column":8},"skip":true}]},"19":{"line":275,"type":"switch","locations":[{"start":{"line":276,"column":20},"end":{"line":277,"column":64},"skip":true},{"start":{"line":278,"column":20},"end":{"line":279,"column":40},"skip":true},{"start":{"line":280,"column":20},"end":{"line":281,"column":40},"skip":true},{"start":{"line":282,"column":20},"end":{"line":283,"column":39},"skip":true}]},"20":{"line":288,"type":"if","locations":[{"start":{"line":288,"column":8},"end":{"line":288,"column":8},"skip":true},{"start":{"line":288,"column":8},"end":{"line":288,"column":8},"skip":true}]},"21":{"line":288,"type":"binary-expr","locations":[{"start":{"line":288,"column":12},"end":{"line":288,"column":40},"skip":true},{"start":{"line":288,"column":44},"end":{"line":288,"column":67},"skip":true}]},"22":{"line":292,"type":"binary-expr","locations":[{"start":{"line":292,"column":12},"end":{"line":292,"column":50},"skip":true},{"start":{"line":293,"column":12},"end":{"line":293,"column":53},"skip":true}]},"23":{"line":297,"type":"binary-expr","locations":[{"start":{"line":297,"column":12},"end":{"line":297,"column":67},"skip":true},{"start":{"line":298,"column":12},"end":{"line":301,"column":36},"skip":true}]},"24":{"line":303,"type":"binary-expr","locations":[{"start":{"line":303,"column":43},"end":{"line":303,"column":75},"skip":true},{"start":{"line":303,"column":79},"end":{"line":303,"column":81},"skip":true}]},"25":{"line":306,"type":"if","locations":[{"start":{"line":306,"column":8},"end":{"line":306,"column":8},"skip":true},{"start":{"line":306,"column":8},"end":{"line":306,"column":8},"skip":true}]},"26":{"line":310,"type":"if","locations":[{"start":{"line":310,"column":8},"end":{"line":310,"column":8},"skip":true},{"start":{"line":310,"column":8},"end":{"line":310,"column":8},"skip":true}]},"27":{"line":313,"type":"binary-expr","locations":[{"start":{"line":313,"column":27},"end":{"line":313,"column":43},"skip":true},{"start":{"line":313,"column":47},"end":{"line":313,"column":53},"skip":true}]},"28":{"line":317,"type":"if","locations":[{"start":{"line":317,"column":12},"end":{"line":317,"column":12},"skip":true},{"start":{"line":317,"column":12},"end":{"line":317,"column":12},"skip":true}]}},"code":["/*","example.js","","quickstart example","","instruction","    1. save this script as example.js","    2. run the shell command:","        $ npm install npmtest-spindrift && PORT=8081 node example.js","    3. play with the browser-demo on http://127.0.0.1:8081","*/","","","","/* istanbul instrument in package npmtest_spindrift */","/*jslint","    bitwise: true,","    browser: true,","    maxerr: 8,","    maxlen: 96,","    node: true,","    nomen: true,","    regexp: true,","    stupid: true","*/","(function () {","    'use strict';","    var local;","","","","    // run shared js-env code - pre-init","    (function () {","        // init local","        local = {};","        // init modeJs","        local.modeJs = (function () {","            try {","                return typeof navigator.userAgent === 'string' &&","                    typeof document.querySelector('body') === 'object' &&","                    typeof XMLHttpRequest.prototype.open === 'function' &&","                    'browser';","            } catch (errorCaughtBrowser) {","                return module.exports &&","                    typeof process.versions.node === 'string' &&","                    typeof require('http').createServer === 'function' &&","                    'node';","            }","        }());","        // init global","        local.global = local.modeJs === 'browser'","            ? window","            : global;","        // init utility2_rollup","        local = local.global.utility2_rollup || (local.modeJs === 'browser'","            ? local.global.utility2_npmtest_spindrift","            : global.utility2_moduleExports);","        // export local","        local.global.local = local;","    }());","    switch (local.modeJs) {","","","","    // post-init","    // run browser js-env code - post-init","    /* istanbul ignore next */","    case 'browser':","        local.testRunBrowser = function (event) {","            if (!event || (event &&","                    event.currentTarget &&","                    event.currentTarget.className &&","                    event.currentTarget.className.includes &&","                    event.currentTarget.className.includes('onreset'))) {","                // reset output","                Array.from(","                    document.querySelectorAll('body > .resettable')","                ).forEach(function (element) {","                    switch (element.tagName) {","                    case 'INPUT':","                    case 'TEXTAREA':","                        element.value = '';","                        break;","                    default:","                        element.textContent = '';","                    }","                });","            }","            switch (event && event.currentTarget && event.currentTarget.id) {","            case 'testRunButton1':","                // show tests","                if (document.querySelector('#testReportDiv1').style.display === 'none') {","                    document.querySelector('#testReportDiv1').style.display = 'block';","                    document.querySelector('#testRunButton1').textContent =","                        'hide internal test';","                    local.modeTest = true;","                    local.testRunDefault(local);","                // hide tests","                } else {","                    document.querySelector('#testReportDiv1').style.display = 'none';","                    document.querySelector('#testRunButton1').textContent = 'run internal test';","                }","                break;","            // custom-case","            default:","                break;","            }","            if (document.querySelector('#inputTextareaEval1') && (!event || (event &&","                    event.currentTarget &&","                    event.currentTarget.className &&","                    event.currentTarget.className.includes &&","                    event.currentTarget.className.includes('oneval')))) {","                // try to eval input-code","                try {","                    /*jslint evil: true*/","                    eval(document.querySelector('#inputTextareaEval1').value);","                } catch (errorCaught) {","                    console.error(errorCaught);","                }","            }","        };","        // log stderr and stdout to #outputTextareaStdout1","        ['error', 'log'].forEach(function (key) {","            console[key + '_original'] = console[key];","            console[key] = function () {","                var element;","                console[key + '_original'].apply(console, arguments);","                element = document.querySelector('#outputTextareaStdout1');","                if (!element) {","                    return;","                }","                // append text to #outputTextareaStdout1","                element.value += Array.from(arguments).map(function (arg) {","                    return typeof arg === 'string'","                        ? arg","                        : JSON.stringify(arg, null, 4);","                }).join(' ') + '\\n';","                // scroll textarea to bottom","                element.scrollTop = element.scrollHeight;","            };","        });","        // init event-handling","        ['change', 'click', 'keyup'].forEach(function (event) {","            Array.from(document.querySelectorAll('.on' + event)).forEach(function (element) {","                element.addEventListener(event, local.testRunBrowser);","            });","        });","        // run tests","        local.testRunBrowser();","        break;","","","","    // run node js-env code - post-init","    /* istanbul ignore next */","    case 'node':","        // export local","        module.exports = local;","        // require modules","        local.fs = require('fs');","        local.http = require('http');","        local.url = require('url');","        // init assets","        local.assetsDict = local.assetsDict || {};","        /* jslint-ignore-begin */","        local.assetsDict['/assets.index.template.html'] = '\\","<!doctype html>\\n\\","<html lang=\"en\">\\n\\","<head>\\n\\","<meta charset=\"UTF-8\">\\n\\","<meta name=\"viewport\" content=\"width=device-width, initial-scale=1\">\\n\\","<title>{{env.npm_package_name}} (v{{env.npm_package_version}})</title>\\n\\","<style>\\n\\","/*csslint\\n\\","    box-sizing: false,\\n\\","    universal-selector: false\\n\\","*/\\n\\","* {\\n\\","    box-sizing: border-box;\\n\\","}\\n\\","body {\\n\\","    background: #dde;\\n\\","    font-family: Arial, Helvetica, sans-serif;\\n\\","    margin: 2rem;\\n\\","}\\n\\","body > * {\\n\\","    margin-bottom: 1rem;\\n\\","}\\n\\",".utility2FooterDiv {\\n\\","    margin-top: 20px;\\n\\","    text-align: center;\\n\\","}\\n\\","</style>\\n\\","<style>\\n\\","/*csslint\\n\\","*/\\n\\","textarea {\\n\\","    font-family: monospace;\\n\\","    height: 10rem;\\n\\","    width: 100%;\\n\\","}\\n\\","textarea[readonly] {\\n\\","    background: #ddd;\\n\\","}\\n\\","</style>\\n\\","</head>\\n\\","<body>\\n\\","<!-- utility2-comment\\n\\","<div id=\"ajaxProgressDiv1\" style=\"background: #d00; height: 2px; left: 0; margin: 0; padding: 0; position: fixed; top: 0; transition: background 0.5s, width 1.5s; width: 25%;\"></div>\\n\\","utility2-comment -->\\n\\","<h1>\\n\\","<!-- utility2-comment\\n\\","    <a\\n\\","        {{#if env.npm_package_homepage}}\\n\\","        href=\"{{env.npm_package_homepage}}\"\\n\\","        {{/if env.npm_package_homepage}}\\n\\","        target=\"_blank\"\\n\\","    >\\n\\","utility2-comment -->\\n\\","        {{env.npm_package_name}} (v{{env.npm_package_version}})\\n\\","<!-- utility2-comment\\n\\","    </a>\\n\\","utility2-comment -->\\n\\","</h1>\\n\\","<h3>{{env.npm_package_description}}</h3>\\n\\","<!-- utility2-comment\\n\\","<h4><a download href=\"assets.app.js\">download standalone app</a></h4>\\n\\","<button class=\"onclick onreset\" id=\"testRunButton1\">run internal test</button><br>\\n\\","<div id=\"testReportDiv1\" style=\"display: none;\"></div>\\n\\","utility2-comment -->\\n\\","\\n\\","\\n\\","\\n\\","<label>stderr and stdout</label>\\n\\","<textarea class=\"resettable\" id=\"outputTextareaStdout1\" readonly></textarea>\\n\\","<!-- utility2-comment\\n\\","{{#if isRollup}}\\n\\","<script src=\"assets.app.js\"></script>\\n\\","{{#unless isRollup}}\\n\\","utility2-comment -->\\n\\","<script src=\"assets.utility2.rollup.js\"></script>\\n\\","<script src=\"jsonp.utility2._stateInit?callback=window.utility2._stateInit\"></script>\\n\\","<script src=\"assets.npmtest_spindrift.rollup.js\"></script>\\n\\","<script src=\"assets.example.js\"></script>\\n\\","<script src=\"assets.test.js\"></script>\\n\\","<!-- utility2-comment\\n\\","{{/if isRollup}}\\n\\","utility2-comment -->\\n\\","<div class=\"utility2FooterDiv\">\\n\\","    [ this app was created with\\n\\","    <a href=\"https://github.com/kaizhu256/node-utility2\" target=\"_blank\">utility2</a>\\n\\","    ]\\n\\","</div>\\n\\","</body>\\n\\","</html>\\n\\","';","        /* jslint-ignore-end */","        if (local.templateRender) {","            local.assetsDict['/'] = local.templateRender(","                local.assetsDict['/assets.index.template.html'],","                {","                    env: local.objectSetDefault(local.env, {","                        npm_package_description: 'the greatest app in the world!',","                        npm_package_name: 'my-app',","                        npm_package_nameAlias: 'my_app',","                        npm_package_version: '0.0.1'","                    })","                }","            );","        } else {","            local.assetsDict['/'] = local.assetsDict['/assets.index.template.html']","                .replace((/\\{\\{env\\.(\\w+?)\\}\\}/g), function (match0, match1) {","                    // jslint-hack","                    String(match0);","                    switch (match1) {","                    case 'npm_package_description':","                        return 'the greatest app in the world!';","                    case 'npm_package_name':","                        return 'my-app';","                    case 'npm_package_nameAlias':","                        return 'my_app';","                    case 'npm_package_version':","                        return '0.0.1';","                    }","                });","        }","        // run the cli","        if (local.global.utility2_rollup || module !== require.main) {","            break;","        }","        local.assetsDict['/assets.example.js'] =","            local.assetsDict['/assets.example.js'] ||","            local.fs.readFileSync(__filename, 'utf8');","        // bug-workaround - long $npm_package_buildCustomOrg","        /* jslint-ignore-begin */","        local.assetsDict['/assets.npmtest_spindrift.rollup.js'] =","            local.assetsDict['/assets.npmtest_spindrift.rollup.js'] ||","            local.fs.readFileSync(","                local.npmtest_spindrift.__dirname + '/lib.npmtest_spindrift.js',","                'utf8'","            ).replace((/^#!/), '//');","        /* jslint-ignore-end */","        local.assetsDict['/favicon.ico'] = local.assetsDict['/favicon.ico'] || '';","        // if $npm_config_timeout_exit exists,","        // then exit this process after $npm_config_timeout_exit ms","        if (Number(process.env.npm_config_timeout_exit)) {","            setTimeout(process.exit, Number(process.env.npm_config_timeout_exit));","        }","        // start server","        if (local.global.utility2_serverHttp1) {","            break;","        }","        process.env.PORT = process.env.PORT || '8081';","        console.error('server starting on port ' + process.env.PORT);","        local.http.createServer(function (request, response) {","            request.urlParsed = local.url.parse(request.url);","            if (local.assetsDict[request.urlParsed.pathname] !== undefined) {","                response.end(local.assetsDict[request.urlParsed.pathname]);","                return;","            }","            response.statusCode = 404;","            response.end();","        }).listen(process.env.PORT);","        break;","    }","}());",""],"l":{"26":2,"28":2,"33":2,"35":2,"37":2,"38":2,"39":2,"44":1,"51":2,"55":2,"59":2,"61":2,"69":1,"70":2,"76":2,"79":2,"82":2,"83":2,"85":1,"89":2,"92":1,"93":1,"94":1,"96":1,"97":1,"100":1,"101":1,"103":1,"106":1,"108":2,"114":1,"116":1,"118":1,"123":1,"124":2,"125":2,"126":3,"127":3,"128":3,"129":3,"130":1,"133":3,"134":3,"139":3,"143":1,"144":3,"145":1,"149":1,"150":1,"158":1,"160":1,"161":1,"162":1,"164":1,"166":1,"258":1,"259":1,"271":1,"274":6,"275":6,"277":1,"279":2,"281":1,"283":2,"288":1,"289":1,"291":1,"296":1,"303":1,"306":1,"307":1,"310":1,"311":1,"313":1,"314":1,"315":1,"316":1,"317":1,"318":1,"319":1,"321":1,"322":1,"324":1}},"/home/travis/build/npmtest/node-npmtest-spindrift/node_modules/spindrift/spindrift.js":{"path":"/home/travis/build/npmtest/node-npmtest-spindrift/node_modules/spindrift/spindrift.js","s":{"1":1,"2":1,"3":1,"4":1,"5":1,"6":1,"7":1,"8":1,"9":0,"10":0,"11":0,"12":0,"13":0,"14":0,"15":0,"16":0,"17":0,"18":0,"19":0,"20":0,"21":1,"22":0,"23":0,"24":1,"25":0,"26":0,"27":0,"28":0,"29":0,"30":1,"31":0,"32":0,"33":0,"34":0,"35":0,"36":1,"37":0,"38":0,"39":0,"40":1,"41":0,"42":0,"43":0,"44":1,"45":0,"46":0,"47":1,"48":0,"49":1,"50":0,"51":0,"52":1,"53":0,"54":0,"55":1,"56":0,"57":0,"58":1,"59":0,"60":0,"61":0,"62":0,"63":0,"64":0,"65":0,"66":0,"67":0,"68":0,"69":0,"70":0,"71":1,"72":0,"73":0,"74":1,"75":0,"76":0,"77":1,"78":0,"79":0,"80":0,"81":0,"82":0,"83":1,"84":0,"85":0,"86":1,"87":0,"88":0,"89":1,"90":0,"91":0,"92":0,"93":0,"94":1,"95":0,"96":0,"97":0,"98":0,"99":0,"100":0,"101":0,"102":0,"103":0,"104":0,"105":0,"106":0,"107":0,"108":0,"109":0,"110":0,"111":0,"112":0,"113":0,"114":0,"115":0,"116":0,"117":1,"118":1,"119":0,"120":1,"121":0,"122":0,"123":0,"124":0,"125":0,"126":0,"127":0,"128":0,"129":0,"130":0,"131":0,"132":0,"133":0,"134":0,"135":0,"136":0,"137":0,"138":0,"139":0,"140":0,"141":0,"142":0,"143":0,"144":0,"145":0,"146":0,"147":0,"148":0,"149":1,"150":0,"151":0,"152":0,"153":0,"154":0,"155":1,"156":0,"157":0,"158":0,"159":0,"160":0,"161":0,"162":0,"163":0,"164":0,"165":0,"166":0,"167":0,"168":0,"169":0,"170":0,"171":0,"172":0,"173":0,"174":0,"175":0,"176":0,"177":0,"178":1,"179":0,"180":0,"181":0,"182":0,"183":0,"184":0,"185":0,"186":0,"187":0,"188":0,"189":0,"190":0,"191":0,"192":0,"193":1,"194":0,"195":1,"196":1,"197":0,"198":0,"199":0,"200":0,"201":0,"202":0,"203":0,"204":0,"205":0,"206":0,"207":0,"208":0,"209":0,"210":0,"211":0,"212":0,"213":0,"214":1},"b":{"1":[0,0],"2":[0,0],"3":[0,0],"4":[0,0],"5":[0,0],"6":[0,0],"7":[0,0,0,0,0,0,0],"8":[0,0],"9":[0,0],"10":[0,0,0,0,0,0],"11":[0,0],"12":[0,0],"13":[0,0],"14":[0,0],"15":[0,0],"16":[0,0],"17":[0,0],"18":[0,0],"19":[0,0],"20":[0,0],"21":[0,0],"22":[0,0],"23":[0,0],"24":[0,0],"25":[0,0],"26":[0,0],"27":[0,0],"28":[0,0],"29":[0,0],"30":[0,0],"31":[0,0],"32":[0,0],"33":[0,0]},"f":{"1":0,"2":0,"3":0,"4":0,"5":0,"6":0,"7":0,"8":0,"9":0,"10":0,"11":0,"12":0,"13":0,"14":0,"15":0,"16":0,"17":0,"18":0,"19":0,"20":0,"21":0,"22":0,"23":0,"24":0,"25":0,"26":0,"27":0,"28":0,"29":0,"30":0,"31":0,"32":0,"33":0,"34":0,"35":0,"36":0,"37":0,"38":0,"39":0,"40":0,"41":0,"42":0,"43":0,"44":0,"45":0,"46":0,"47":0,"48":0,"49":0,"50":0,"51":0,"52":0,"53":0,"54":0,"55":0},"fnMap":{"1":{"name":"promise","line":14,"loc":{"start":{"line":14,"column":0},"end":{"line":14,"column":20}}},"2":{"name":"(anonymous_2)","line":16,"loc":{"start":{"line":16,"column":16},"end":{"line":16,"column":30}}},"3":{"name":"(anonymous_3)","line":18,"loc":{"start":{"line":18,"column":23},"end":{"line":18,"column":35}}},"4":{"name":"(anonymous_4)","line":25,"loc":{"start":{"line":25,"column":20},"end":{"line":25,"column":32}}},"5":{"name":"(anonymous_5)","line":27,"loc":{"start":{"line":27,"column":42},"end":{"line":27,"column":56}}},"6":{"name":"(anonymous_6)","line":28,"loc":{"start":{"line":28,"column":23},"end":{"line":28,"column":35}}},"7":{"name":"proxyStream","line":36,"loc":{"start":{"line":36,"column":0},"end":{"line":36,"column":28}}},"8":{"name":"Command","line":47,"loc":{"start":{"line":47,"column":0},"end":{"line":47,"column":32}}},"9":{"name":"(anonymous_9)","line":56,"loc":{"start":{"line":56,"column":26},"end":{"line":56,"column":38}}},"10":{"name":"(anonymous_10)","line":64,"loc":{"start":{"line":64,"column":26},"end":{"line":64,"column":45}}},"11":{"name":"(anonymous_11)","line":70,"loc":{"start":{"line":70,"column":27},"end":{"line":70,"column":39}}},"12":{"name":"(anonymous_12)","line":81,"loc":{"start":{"line":81,"column":26},"end":{"line":81,"column":46}}},"13":{"name":"(anonymous_13)","line":90,"loc":{"start":{"line":90,"column":25},"end":{"line":90,"column":41}}},"14":{"name":"(anonymous_14)","line":94,"loc":{"start":{"line":94,"column":24},"end":{"line":94,"column":44}}},"15":{"name":"(anonymous_15)","line":103,"loc":{"start":{"line":103,"column":25},"end":{"line":103,"column":45}}},"16":{"name":"(anonymous_16)","line":112,"loc":{"start":{"line":112,"column":28},"end":{"line":112,"column":48}}},"17":{"name":"(anonymous_17)","line":121,"loc":{"start":{"line":121,"column":27},"end":{"line":121,"column":45}}},"18":{"name":"(anonymous_18)","line":138,"loc":{"start":{"line":138,"column":29},"end":{"line":138,"column":41}}},"19":{"name":"(anonymous_19)","line":146,"loc":{"start":{"line":146,"column":31},"end":{"line":146,"column":43}}},"20":{"name":"(anonymous_20)","line":154,"loc":{"start":{"line":154,"column":27},"end":{"line":154,"column":39}}},"21":{"name":"(anonymous_21)","line":168,"loc":{"start":{"line":168,"column":25},"end":{"line":168,"column":47}}},"22":{"name":"(anonymous_22)","line":173,"loc":{"start":{"line":173,"column":30},"end":{"line":173,"column":42}}},"23":{"name":"(anonymous_23)","line":178,"loc":{"start":{"line":178,"column":30},"end":{"line":178,"column":45}}},"24":{"name":"(anonymous_24)","line":186,"loc":{"start":{"line":186,"column":35},"end":{"line":186,"column":47}}},"25":{"name":"(anonymous_25)","line":191,"loc":{"start":{"line":191,"column":21},"end":{"line":191,"column":37}}},"26":{"name":"(anonymous_26)","line":193,"loc":{"start":{"line":193,"column":16},"end":{"line":193,"column":28}}},"27":{"name":"(anonymous_27)","line":218,"loc":{"start":{"line":218,"column":23},"end":{"line":218,"column":39}}},"28":{"name":"(anonymous_28)","line":221,"loc":{"start":{"line":221,"column":16},"end":{"line":221,"column":32}}},"29":{"name":"(anonymous_29)","line":228,"loc":{"start":{"line":228,"column":34},"end":{"line":228,"column":46}}},"30":{"name":"isNextStringPartOfLastString","line":229,"loc":{"start":{"line":229,"column":2},"end":{"line":229,"column":53}}},"31":{"name":"decode","line":235,"loc":{"start":{"line":235,"column":2},"end":{"line":235,"column":24}}},"32":{"name":"(anonymous_32)","line":236,"loc":{"start":{"line":236,"column":47},"end":{"line":236,"column":67}}},"33":{"name":"(anonymous_33)","line":250,"loc":{"start":{"line":250,"column":35},"end":{"line":250,"column":50}}},"34":{"name":"(anonymous_34)","line":273,"loc":{"start":{"line":273,"column":15},"end":{"line":273,"column":27}}},"35":{"name":"(anonymous_35)","line":286,"loc":{"start":{"line":286,"column":31},"end":{"line":286,"column":43}}},"36":{"name":"(anonymous_36)","line":288,"loc":{"start":{"line":288,"column":34},"end":{"line":288,"column":49}}},"37":{"name":"(anonymous_37)","line":297,"loc":{"start":{"line":297,"column":39},"end":{"line":297,"column":52}}},"38":{"name":"(anonymous_38)","line":304,"loc":{"start":{"line":304,"column":28},"end":{"line":304,"column":52}}},"39":{"name":"(anonymous_39)","line":307,"loc":{"start":{"line":307,"column":21},"end":{"line":307,"column":33}}},"40":{"name":"(anonymous_40)","line":309,"loc":{"start":{"line":309,"column":33},"end":{"line":309,"column":49}}},"41":{"name":"(anonymous_41)","line":312,"loc":{"start":{"line":312,"column":26},"end":{"line":312,"column":42}}},"42":{"name":"(anonymous_42)","line":317,"loc":{"start":{"line":317,"column":65},"end":{"line":317,"column":81}}},"43":{"name":"(anonymous_43)","line":327,"loc":{"start":{"line":327,"column":18},"end":{"line":327,"column":39}}},"44":{"name":"(anonymous_44)","line":338,"loc":{"start":{"line":338,"column":26},"end":{"line":338,"column":38}}},"45":{"name":"(anonymous_45)","line":340,"loc":{"start":{"line":340,"column":15},"end":{"line":340,"column":27}}},"46":{"name":"(anonymous_46)","line":341,"loc":{"start":{"line":341,"column":32},"end":{"line":341,"column":58}}},"47":{"name":"(anonymous_47)","line":347,"loc":{"start":{"line":347,"column":29},"end":{"line":347,"column":45}}},"48":{"name":"(anonymous_48)","line":350,"loc":{"start":{"line":350,"column":22},"end":{"line":350,"column":38}}},"49":{"name":"(anonymous_49)","line":361,"loc":{"start":{"line":361,"column":16},"end":{"line":361,"column":32}}},"50":{"name":"(anonymous_50)","line":367,"loc":{"start":{"line":367,"column":17},"end":{"line":367,"column":29}}},"51":{"name":"(anonymous_51)","line":373,"loc":{"start":{"line":373,"column":18},"end":{"line":373,"column":39}}},"52":{"name":"(anonymous_52)","line":377,"loc":{"start":{"line":377,"column":19},"end":{"line":377,"column":31}}},"53":{"name":"(anonymous_53)","line":380,"loc":{"start":{"line":380,"column":5},"end":{"line":380,"column":27}}},"54":{"name":"(anonymous_54)","line":384,"loc":{"start":{"line":384,"column":27},"end":{"line":384,"column":43}}},"55":{"name":"(anonymous_55)","line":387,"loc":{"start":{"line":387,"column":20},"end":{"line":387,"column":36}}}},"statementMap":{"1":{"start":{"line":1,"column":0},"end":{"line":1,"column":23}},"2":{"start":{"line":2,"column":0},"end":{"line":2,"column":43}},"3":{"start":{"line":3,"column":0},"end":{"line":3,"column":27}},"4":{"start":{"line":4,"column":0},"end":{"line":4,"column":38}},"5":{"start":{"line":6,"column":0},"end":{"line":6,"column":43}},"6":{"start":{"line":7,"column":0},"end":{"line":7,"column":27}},"7":{"start":{"line":8,"column":0},"end":{"line":8,"column":29}},"8":{"start":{"line":14,"column":0},"end":{"line":34,"column":1}},"9":{"start":{"line":15,"column":2},"end":{"line":15,"column":30}},"10":{"start":{"line":16,"column":2},"end":{"line":24,"column":3}},"11":{"start":{"line":17,"column":4},"end":{"line":23,"column":5}},"12":{"start":{"line":18,"column":6},"end":{"line":20,"column":9}},"13":{"start":{"line":19,"column":8},"end":{"line":19,"column":29}},"14":{"start":{"line":22,"column":6},"end":{"line":22,"column":21}},"15":{"start":{"line":25,"column":2},"end":{"line":32,"column":3}},"16":{"start":{"line":26,"column":4},"end":{"line":26,"column":47}},"17":{"start":{"line":27,"column":4},"end":{"line":31,"column":7}},"18":{"start":{"line":28,"column":6},"end":{"line":30,"column":9}},"19":{"start":{"line":29,"column":8},"end":{"line":29,"column":29}},"20":{"start":{"line":33,"column":2},"end":{"line":33,"column":17}},"21":{"start":{"line":36,"column":0},"end":{"line":43,"column":1}},"22":{"start":{"line":37,"column":2},"end":{"line":42,"column":3}},"23":{"start":{"line":38,"column":4},"end":{"line":41,"column":44}},"24":{"start":{"line":47,"column":0},"end":{"line":54,"column":1}},"25":{"start":{"line":48,"column":2},"end":{"line":48,"column":21}},"26":{"start":{"line":49,"column":2},"end":{"line":49,"column":21}},"27":{"start":{"line":50,"column":2},"end":{"line":50,"column":27}},"28":{"start":{"line":51,"column":2},"end":{"line":53,"column":3}},"29":{"start":{"line":52,"column":4},"end":{"line":52,"column":27}},"30":{"start":{"line":56,"column":0},"end":{"line":62,"column":1}},"31":{"start":{"line":57,"column":2},"end":{"line":57,"column":26}},"32":{"start":{"line":58,"column":2},"end":{"line":58,"column":25}},"33":{"start":{"line":59,"column":2},"end":{"line":59,"column":39}},"34":{"start":{"line":60,"column":2},"end":{"line":60,"column":29}},"35":{"start":{"line":61,"column":2},"end":{"line":61,"column":13}},"36":{"start":{"line":64,"column":0},"end":{"line":68,"column":1}},"37":{"start":{"line":65,"column":2},"end":{"line":65,"column":30}},"38":{"start":{"line":66,"column":2},"end":{"line":66,"column":23}},"39":{"start":{"line":67,"column":2},"end":{"line":67,"column":14}},"40":{"start":{"line":70,"column":0},"end":{"line":77,"column":2}},"41":{"start":{"line":72,"column":2},"end":{"line":76,"column":3}},"42":{"start":{"line":73,"column":4},"end":{"line":73,"column":77}},"43":{"start":{"line":75,"column":4},"end":{"line":75,"column":22}},"44":{"start":{"line":81,"column":0},"end":{"line":88,"column":2}},"45":{"start":{"line":82,"column":2},"end":{"line":82,"column":25}},"46":{"start":{"line":83,"column":2},"end":{"line":87,"column":7}},"47":{"start":{"line":90,"column":0},"end":{"line":92,"column":2}},"48":{"start":{"line":91,"column":2},"end":{"line":91,"column":32}},"49":{"start":{"line":94,"column":0},"end":{"line":101,"column":2}},"50":{"start":{"line":95,"column":2},"end":{"line":95,"column":25}},"51":{"start":{"line":96,"column":2},"end":{"line":100,"column":7}},"52":{"start":{"line":103,"column":0},"end":{"line":110,"column":2}},"53":{"start":{"line":104,"column":2},"end":{"line":104,"column":25}},"54":{"start":{"line":105,"column":2},"end":{"line":109,"column":7}},"55":{"start":{"line":112,"column":0},"end":{"line":119,"column":2}},"56":{"start":{"line":113,"column":2},"end":{"line":113,"column":25}},"57":{"start":{"line":114,"column":2},"end":{"line":118,"column":7}},"58":{"start":{"line":121,"column":0},"end":{"line":136,"column":2}},"59":{"start":{"line":122,"column":2},"end":{"line":122,"column":25}},"60":{"start":{"line":123,"column":2},"end":{"line":123,"column":16}},"61":{"start":{"line":124,"column":2},"end":{"line":124,"column":48}},"62":{"start":{"line":125,"column":2},"end":{"line":130,"column":3}},"63":{"start":{"line":126,"column":24},"end":{"line":126,"column":34}},"64":{"start":{"line":126,"column":35},"end":{"line":126,"column":41}},"65":{"start":{"line":127,"column":25},"end":{"line":127,"column":35}},"66":{"start":{"line":127,"column":36},"end":{"line":127,"column":42}},"67":{"start":{"line":128,"column":24},"end":{"line":128,"column":34}},"68":{"start":{"line":128,"column":35},"end":{"line":128,"column":41}},"69":{"start":{"line":129,"column":13},"end":{"line":129,"column":25}},"70":{"start":{"line":131,"column":2},"end":{"line":135,"column":7}},"71":{"start":{"line":138,"column":0},"end":{"line":144,"column":2}},"72":{"start":{"line":139,"column":2},"end":{"line":139,"column":25}},"73":{"start":{"line":140,"column":2},"end":{"line":143,"column":7}},"74":{"start":{"line":146,"column":0},"end":{"line":152,"column":2}},"75":{"start":{"line":147,"column":2},"end":{"line":147,"column":25}},"76":{"start":{"line":148,"column":2},"end":{"line":151,"column":7}},"77":{"start":{"line":154,"column":0},"end":{"line":166,"column":2}},"78":{"start":{"line":157,"column":2},"end":{"line":157,"column":25}},"79":{"start":{"line":158,"column":2},"end":{"line":160,"column":6}},"80":{"start":{"line":162,"column":2},"end":{"line":164,"column":3}},"81":{"start":{"line":163,"column":4},"end":{"line":163,"column":20}},"82":{"start":{"line":165,"column":2},"end":{"line":165,"column":13}},"83":{"start":{"line":168,"column":0},"end":{"line":171,"column":2}},"84":{"start":{"line":169,"column":2},"end":{"line":169,"column":30}},"85":{"start":{"line":170,"column":2},"end":{"line":170,"column":70}},"86":{"start":{"line":173,"column":0},"end":{"line":176,"column":2}},"87":{"start":{"line":174,"column":2},"end":{"line":174,"column":26}},"88":{"start":{"line":175,"column":2},"end":{"line":175,"column":21}},"89":{"start":{"line":178,"column":0},"end":{"line":183,"column":2}},"90":{"start":{"line":179,"column":2},"end":{"line":179,"column":26}},"91":{"start":{"line":180,"column":2},"end":{"line":180,"column":92}},"92":{"start":{"line":181,"column":2},"end":{"line":181,"column":27}},"93":{"start":{"line":182,"column":2},"end":{"line":182,"column":16}},"94":{"start":{"line":186,"column":0},"end":{"line":225,"column":2}},"95":{"start":{"line":187,"column":2},"end":{"line":189,"column":5}},"96":{"start":{"line":190,"column":2},"end":{"line":190,"column":15}},"97":{"start":{"line":191,"column":2},"end":{"line":206,"column":5}},"98":{"start":{"line":192,"column":4},"end":{"line":192,"column":62}},"99":{"start":{"line":193,"column":4},"end":{"line":202,"column":9}},"100":{"start":{"line":194,"column":6},"end":{"line":201,"column":7}},"101":{"start":{"line":195,"column":18},"end":{"line":195,"column":113}},"102":{"start":{"line":196,"column":18},"end":{"line":196,"column":126}},"103":{"start":{"line":197,"column":18},"end":{"line":197,"column":43}},"104":{"start":{"line":198,"column":18},"end":{"line":198,"column":86}},"105":{"start":{"line":199,"column":18},"end":{"line":199,"column":110}},"106":{"start":{"line":200,"column":18},"end":{"line":200,"column":114}},"107":{"start":{"line":203,"column":4},"end":{"line":205,"column":5}},"108":{"start":{"line":204,"column":6},"end":{"line":204,"column":32}},"109":{"start":{"line":208,"column":2},"end":{"line":215,"column":24}},"110":{"start":{"line":216,"column":2},"end":{"line":216,"column":34}},"111":{"start":{"line":217,"column":2},"end":{"line":217,"column":25}},"112":{"start":{"line":218,"column":2},"end":{"line":220,"column":5}},"113":{"start":{"line":219,"column":4},"end":{"line":219,"column":62}},"114":{"start":{"line":221,"column":2},"end":{"line":223,"column":5}},"115":{"start":{"line":222,"column":4},"end":{"line":222,"column":23}},"116":{"start":{"line":224,"column":2},"end":{"line":224,"column":16}},"117":{"start":{"line":228,"column":0},"end":{"line":283,"column":2}},"118":{"start":{"line":229,"column":2},"end":{"line":233,"column":3}},"119":{"start":{"line":232,"column":4},"end":{"line":232,"column":118}},"120":{"start":{"line":235,"column":2},"end":{"line":247,"column":3}},"121":{"start":{"line":236,"column":4},"end":{"line":246,"column":7}},"122":{"start":{"line":237,"column":6},"end":{"line":245,"column":7}},"123":{"start":{"line":238,"column":8},"end":{"line":238,"column":53}},"124":{"start":{"line":240,"column":8},"end":{"line":244,"column":9}},"125":{"start":{"line":241,"column":10},"end":{"line":241,"column":45}},"126":{"start":{"line":243,"column":10},"end":{"line":243,"column":21}},"127":{"start":{"line":249,"column":2},"end":{"line":249,"column":106}},"128":{"start":{"line":250,"column":2},"end":{"line":281,"column":5}},"129":{"start":{"line":251,"column":4},"end":{"line":272,"column":5}},"130":{"start":{"line":252,"column":6},"end":{"line":261,"column":7}},"131":{"start":{"line":253,"column":8},"end":{"line":253,"column":34}},"132":{"start":{"line":255,"column":8},"end":{"line":258,"column":11}},"133":{"start":{"line":259,"column":8},"end":{"line":259,"column":33}},"134":{"start":{"line":260,"column":8},"end":{"line":260,"column":20}},"135":{"start":{"line":262,"column":6},"end":{"line":262,"column":17}},"136":{"start":{"line":263,"column":11},"end":{"line":272,"column":5}},"137":{"start":{"line":264,"column":6},"end":{"line":264,"column":29}},"138":{"start":{"line":265,"column":6},"end":{"line":265,"column":31}},"139":{"start":{"line":266,"column":11},"end":{"line":272,"column":5}},"140":{"start":{"line":267,"column":6},"end":{"line":267,"column":22}},"141":{"start":{"line":268,"column":6},"end":{"line":268,"column":17}},"142":{"start":{"line":269,"column":11},"end":{"line":272,"column":5}},"143":{"start":{"line":270,"column":6},"end":{"line":270,"column":22}},"144":{"start":{"line":271,"column":6},"end":{"line":271,"column":18}},"145":{"start":{"line":274,"column":4},"end":{"line":280,"column":5}},"146":{"start":{"line":275,"column":6},"end":{"line":278,"column":9}},"147":{"start":{"line":279,"column":6},"end":{"line":279,"column":15}},"148":{"start":{"line":282,"column":2},"end":{"line":282,"column":16}},"149":{"start":{"line":286,"column":0},"end":{"line":294,"column":2}},"150":{"start":{"line":287,"column":2},"end":{"line":287,"column":28}},"151":{"start":{"line":288,"column":2},"end":{"line":292,"column":4}},"152":{"start":{"line":289,"column":4},"end":{"line":291,"column":5}},"153":{"start":{"line":290,"column":6},"end":{"line":290,"column":38}},"154":{"start":{"line":293,"column":2},"end":{"line":293,"column":16}},"155":{"start":{"line":297,"column":0},"end":{"line":336,"column":2}},"156":{"start":{"line":300,"column":2},"end":{"line":300,"column":13}},"157":{"start":{"line":301,"column":2},"end":{"line":301,"column":28}},"158":{"start":{"line":302,"column":2},"end":{"line":324,"column":3}},"159":{"start":{"line":303,"column":4},"end":{"line":303,"column":47}},"160":{"start":{"line":304,"column":4},"end":{"line":323,"column":18}},"161":{"start":{"line":305,"column":6},"end":{"line":322,"column":21}},"162":{"start":{"line":308,"column":10},"end":{"line":308,"column":87}},"163":{"start":{"line":309,"column":10},"end":{"line":311,"column":13}},"164":{"start":{"line":310,"column":12},"end":{"line":310,"column":63}},"165":{"start":{"line":312,"column":10},"end":{"line":321,"column":13}},"166":{"start":{"line":313,"column":12},"end":{"line":316,"column":13}},"167":{"start":{"line":314,"column":14},"end":{"line":314,"column":73}},"168":{"start":{"line":315,"column":14},"end":{"line":315,"column":51}},"169":{"start":{"line":317,"column":12},"end":{"line":319,"column":15}},"170":{"start":{"line":318,"column":14},"end":{"line":318,"column":42}},"171":{"start":{"line":320,"column":12},"end":{"line":320,"column":36}},"172":{"start":{"line":327,"column":2},"end":{"line":333,"column":5}},"173":{"start":{"line":328,"column":4},"end":{"line":331,"column":5}},"174":{"start":{"line":329,"column":6},"end":{"line":329,"column":72}},"175":{"start":{"line":330,"column":6},"end":{"line":330,"column":13}},"176":{"start":{"line":332,"column":4},"end":{"line":332,"column":59}},"177":{"start":{"line":335,"column":2},"end":{"line":335,"column":16}},"178":{"start":{"line":338,"column":0},"end":{"line":359,"column":1}},"179":{"start":{"line":339,"column":2},"end":{"line":339,"column":62}},"180":{"start":{"line":340,"column":2},"end":{"line":357,"column":5}},"181":{"start":{"line":341,"column":4},"end":{"line":356,"column":22}},"182":{"start":{"line":342,"column":6},"end":{"line":342,"column":53}},"183":{"start":{"line":343,"column":6},"end":{"line":343,"column":49}},"184":{"start":{"line":344,"column":6},"end":{"line":346,"column":7}},"185":{"start":{"line":345,"column":8},"end":{"line":345,"column":31}},"186":{"start":{"line":347,"column":6},"end":{"line":349,"column":9}},"187":{"start":{"line":348,"column":8},"end":{"line":348,"column":83}},"188":{"start":{"line":350,"column":6},"end":{"line":354,"column":9}},"189":{"start":{"line":351,"column":8},"end":{"line":353,"column":9}},"190":{"start":{"line":352,"column":10},"end":{"line":352,"column":71}},"191":{"start":{"line":355,"column":6},"end":{"line":355,"column":25}},"192":{"start":{"line":358,"column":2},"end":{"line":358,"column":16}},"193":{"start":{"line":361,"column":0},"end":{"line":363,"column":1}},"194":{"start":{"line":362,"column":2},"end":{"line":362,"column":27}},"195":{"start":{"line":365,"column":0},"end":{"line":365,"column":58}},"196":{"start":{"line":367,"column":0},"end":{"line":397,"column":1}},"197":{"start":{"line":368,"column":2},"end":{"line":368,"column":51}},"198":{"start":{"line":370,"column":2},"end":{"line":370,"column":56}},"199":{"start":{"line":371,"column":2},"end":{"line":371,"column":40}},"200":{"start":{"line":373,"column":2},"end":{"line":394,"column":5}},"201":{"start":{"line":374,"column":4},"end":{"line":374,"column":55}},"202":{"start":{"line":375,"column":4},"end":{"line":379,"column":9}},"203":{"start":{"line":378,"column":8},"end":{"line":378,"column":25}},"204":{"start":{"line":381,"column":4},"end":{"line":381,"column":59}},"205":{"start":{"line":382,"column":4},"end":{"line":382,"column":51}},"206":{"start":{"line":383,"column":4},"end":{"line":383,"column":47}},"207":{"start":{"line":384,"column":4},"end":{"line":386,"column":7}},"208":{"start":{"line":385,"column":6},"end":{"line":385,"column":81}},"209":{"start":{"line":387,"column":4},"end":{"line":393,"column":7}},"210":{"start":{"line":388,"column":6},"end":{"line":390,"column":7}},"211":{"start":{"line":389,"column":8},"end":{"line":389,"column":69}},"212":{"start":{"line":392,"column":6},"end":{"line":392,"column":28}},"213":{"start":{"line":396,"column":2},"end":{"line":396,"column":13}},"214":{"start":{"line":399,"column":0},"end":{"line":399,"column":27}}},"branchMap":{"1":{"line":17,"type":"if","locations":[{"start":{"line":17,"column":4},"end":{"line":17,"column":4}},{"start":{"line":17,"column":4},"end":{"line":17,"column":4}}]},"2":{"line":37,"type":"if","locations":[{"start":{"line":37,"column":2},"end":{"line":37,"column":2}},{"start":{"line":37,"column":2},"end":{"line":37,"column":2}}]},"3":{"line":37,"type":"binary-expr","locations":[{"start":{"line":37,"column":6},"end":{"line":37,"column":7}},{"start":{"line":37,"column":11},"end":{"line":37,"column":12}}]},"4":{"line":51,"type":"if","locations":[{"start":{"line":51,"column":2},"end":{"line":51,"column":2}},{"start":{"line":51,"column":2},"end":{"line":51,"column":2}}]},"5":{"line":73,"type":"cond-expr","locations":[{"start":{"line":73,"column":43},"end":{"line":73,"column":70}},{"start":{"line":73,"column":73},"end":{"line":73,"column":76}}]},"6":{"line":85,"type":"cond-expr","locations":[{"start":{"line":85,"column":33},"end":{"line":85,"column":35}},{"start":{"line":85,"column":38},"end":{"line":85,"column":47}}]},"7":{"line":125,"type":"switch","locations":[{"start":{"line":126,"column":4},"end":{"line":126,"column":12}},{"start":{"line":126,"column":13},"end":{"line":126,"column":41}},{"start":{"line":127,"column":4},"end":{"line":127,"column":13}},{"start":{"line":127,"column":14},"end":{"line":127,"column":42}},{"start":{"line":128,"column":4},"end":{"line":128,"column":13}},{"start":{"line":128,"column":14},"end":{"line":128,"column":41}},{"start":{"line":129,"column":4},"end":{"line":129,"column":25}}]},"8":{"line":162,"type":"if","locations":[{"start":{"line":162,"column":2},"end":{"line":162,"column":2}},{"start":{"line":162,"column":2},"end":{"line":162,"column":2}}]},"9":{"line":180,"type":"binary-expr","locations":[{"start":{"line":180,"column":80},"end":{"line":180,"column":83}},{"start":{"line":180,"column":87},"end":{"line":180,"column":89}}]},"10":{"line":194,"type":"switch","locations":[{"start":{"line":195,"column":8},"end":{"line":195,"column":113}},{"start":{"line":196,"column":8},"end":{"line":196,"column":126}},{"start":{"line":197,"column":8},"end":{"line":197,"column":43}},{"start":{"line":198,"column":8},"end":{"line":198,"column":86}},{"start":{"line":199,"column":8},"end":{"line":199,"column":110}},{"start":{"line":200,"column":8},"end":{"line":200,"column":114}}]},"11":{"line":196,"type":"binary-expr","locations":[{"start":{"line":196,"column":86},"end":{"line":196,"column":95}},{"start":{"line":196,"column":99},"end":{"line":196,"column":101}}]},"12":{"line":203,"type":"if","locations":[{"start":{"line":203,"column":4},"end":{"line":203,"column":4}},{"start":{"line":203,"column":4},"end":{"line":203,"column":4}}]},"13":{"line":232,"type":"binary-expr","locations":[{"start":{"line":232,"column":11},"end":{"line":232,"column":35}},{"start":{"line":232,"column":39},"end":{"line":232,"column":117}}]},"14":{"line":237,"type":"if","locations":[{"start":{"line":237,"column":6},"end":{"line":237,"column":6}},{"start":{"line":237,"column":6},"end":{"line":237,"column":6}}]},"15":{"line":251,"type":"if","locations":[{"start":{"line":251,"column":4},"end":{"line":251,"column":4}},{"start":{"line":251,"column":4},"end":{"line":251,"column":4}}]},"16":{"line":252,"type":"if","locations":[{"start":{"line":252,"column":6},"end":{"line":252,"column":6}},{"start":{"line":252,"column":6},"end":{"line":252,"column":6}}]},"17":{"line":252,"type":"binary-expr","locations":[{"start":{"line":252,"column":10},"end":{"line":252,"column":15}},{"start":{"line":252,"column":19},"end":{"line":252,"column":64}}]},"18":{"line":256,"type":"binary-expr","locations":[{"start":{"line":256,"column":30},"end":{"line":256,"column":35}},{"start":{"line":256,"column":39},"end":{"line":256,"column":42}}]},"19":{"line":256,"type":"binary-expr","locations":[{"start":{"line":256,"column":51},"end":{"line":256,"column":56}},{"start":{"line":256,"column":60},"end":{"line":256,"column":63}}]},"20":{"line":263,"type":"if","locations":[{"start":{"line":263,"column":11},"end":{"line":263,"column":11}},{"start":{"line":263,"column":11},"end":{"line":263,"column":11}}]},"21":{"line":266,"type":"if","locations":[{"start":{"line":266,"column":11},"end":{"line":266,"column":11}},{"start":{"line":266,"column":11},"end":{"line":266,"column":11}}]},"22":{"line":269,"type":"if","locations":[{"start":{"line":269,"column":11},"end":{"line":269,"column":11}},{"start":{"line":269,"column":11},"end":{"line":269,"column":11}}]},"23":{"line":274,"type":"if","locations":[{"start":{"line":274,"column":4},"end":{"line":274,"column":4}},{"start":{"line":274,"column":4},"end":{"line":274,"column":4}}]},"24":{"line":276,"type":"binary-expr","locations":[{"start":{"line":276,"column":28},"end":{"line":276,"column":33}},{"start":{"line":276,"column":37},"end":{"line":276,"column":40}}]},"25":{"line":276,"type":"binary-expr","locations":[{"start":{"line":276,"column":49},"end":{"line":276,"column":54}},{"start":{"line":276,"column":58},"end":{"line":276,"column":61}}]},"26":{"line":289,"type":"if","locations":[{"start":{"line":289,"column":4},"end":{"line":289,"column":4}},{"start":{"line":289,"column":4},"end":{"line":289,"column":4}}]},"27":{"line":300,"type":"binary-expr","locations":[{"start":{"line":300,"column":6},"end":{"line":300,"column":7}},{"start":{"line":300,"column":11},"end":{"line":300,"column":12}}]},"28":{"line":302,"type":"if","locations":[{"start":{"line":302,"column":2},"end":{"line":302,"column":2}},{"start":{"line":302,"column":2},"end":{"line":302,"column":2}}]},"29":{"line":313,"type":"if","locations":[{"start":{"line":313,"column":12},"end":{"line":313,"column":12}},{"start":{"line":313,"column":12},"end":{"line":313,"column":12}}]},"30":{"line":328,"type":"if","locations":[{"start":{"line":328,"column":4},"end":{"line":328,"column":4}},{"start":{"line":328,"column":4},"end":{"line":328,"column":4}}]},"31":{"line":344,"type":"if","locations":[{"start":{"line":344,"column":6},"end":{"line":344,"column":6}},{"start":{"line":344,"column":6},"end":{"line":344,"column":6}}]},"32":{"line":351,"type":"if","locations":[{"start":{"line":351,"column":8},"end":{"line":351,"column":8}},{"start":{"line":351,"column":8},"end":{"line":351,"column":8}}]},"33":{"line":388,"type":"if","locations":[{"start":{"line":388,"column":6},"end":{"line":388,"column":6}},{"start":{"line":388,"column":6},"end":{"line":388,"column":6}}]}},"code":["var fs = require('fs');","var spawn = require('child_process').spawn;","var path = require('path');","var Stream = require('stream').Stream;","","var BufferStream = require('bufferstream');","var temp = require('temp');","var async = require('async');","","// Calls functions once a promise has been delivered.","// Queue functions by using promise(yourCallback); Deliver the promise using promise.deliver().","// Once the promise has been delivered, promise(yourCallback) immediately calls.","","function promise () {","  var queue = [], args = null;","  var promise = function (fn) {","    if (promise.delivered) {","      process.nextTick(function () {","        fn.apply(null, args);","      });","    } else {","      queue.push(fn);","    }","  }","  promise.deliver = function () {","    args = arguments, promise.delivered = true;","    queue.splice(0, queue.length).forEach(function (fn) {","      process.nextTick(function () {","        fn.apply(null, args);","      });","    });","  }","  return promise;","}","","function proxyStream (a, b) {","  if (a && b) {","    a","      .on('data', b.emit.bind(b, 'data'))","      .on('end', b.emit.bind(b, 'end'))","      .on('error', b.emit.bind(b, 'error'));","  }","}","","// spindrift","","function Command (input, ready) {","  this.input = input;","  this.commands = [];","  this.onready = promise();","  if (ready !== false) {","    this.onready.deliver();","  }","}","","Command.prototype._copy = function () {","  var cmd = new Command();","  cmd.input = this.input;","  cmd.commands = this.commands.slice();","  cmd.onready = this.onready;","  return cmd;","}","","Command.prototype._push = function (command) {","  this.commands.push(command);","  this.input = command;","  return this;","}","","Command.prototype._input = function () {","  // Non-existant files will throw an error, assume full paths.","  try {","    return typeof this.input == 'string' ? fs.realpathSync(this.input) : '-';","  } catch (e) {","    return this.input;","  }","};","","// Cloning commands.","","Command.prototype.pages = function (min, max) {","  var cmd = this._copy();","  return cmd._push([","    'pdftk', cmd._input(),","    'cat', min + (max === null ? '' : '-' + max),","    'output', '-'","    ]);","};","","Command.prototype.page = function (page) {","  return this.pages(page, page);","};","","Command.prototype.odd = function (min, max) {","  var cmd = this._copy();","  return cmd._push([","    'pdftk', cmd._input(),","    'cat', 'odd',","    'output', '-'","    ]);","};","","Command.prototype.even = function (min, max) {","  var cmd = this._copy();","  return cmd._push([","    'pdftk', cmd._input(),","    'cat', 'even',","    'output', '-'","    ]);","};","","Command.prototype.reverse = function (min, max) {","  var cmd = this._copy();","  return cmd._push([","    'pdftk', cmd._input(),","    'cat', 'end-1',","    'output', '-'","    ]);","};","","Command.prototype.rotate = function (amount) {","  var cmd = this._copy();","  this.buffer();","  var amount = Number(amount) % 360, dir = null;","  switch (amount) {","    case 90: case -270: dir = 'R'; break;","    case 180: case -180: dir = 'D'; break;","    case -90: case 270: dir = 'L'; break;","    default: return this;","  }","  return cmd._push([","    'pdftk', cmd._input(),","    'cat', '1-end' + dir,","    'output', '-'","    ]);","};","","Command.prototype.compress = function () {","  var cmd = this._copy();","  return cmd._push([","    'pdftk', cmd._input(), 'output', '-',","    'compress'","    ]);","};","","Command.prototype.uncompress = function () {","  var cmd = this._copy();","  return cmd._push([","    'pdftk', cmd._input(), 'output', '-',","    'uncompress'","    ]);","};","","Command.prototype.repair = function () {","  // pdftk extraction of a single page causes issues for some reason.","  // \"repairing\" using pdftk fixes this.","  var cmd = this._copy();","  var args = [","    'pdftk', this._input(), 'output', '-',","    ];","  // Don't double-repair.","  if (JSON.stringify(this.commands[this.commands.length - 1]) != JSON.stringify(args)) {","    cmd._push(args);","  }","  return cmd;","};","","Command.prototype.crop = function (l, b, r, t) {","  var cmd = this.uncompress();","  return cmd._push([path.join(__dirname, 'bin/crop.js'), l, b, r, t]);","};","","Command.prototype.pdfStream = function () {","  var cmd = this.repair();","  return cmd._exec();","};","","Command.prototype.pngStream = function (dpi) {","  var cmd = this.repair();","  cmd._push([path.join(__dirname, 'bin/rasterize.js'), this._input(), 'pdf', 1, dpi || 72]);","  var stream = cmd._exec();","  return stream;","};","","// Consumes this.pdfStream()","Command.prototype._commandStream = function () {","  var stream = new BufferStream({","    size: 'flexible'","  });","  var buf = [];","  stream.split('\\n', function (line) {","    var tokens = String(line).split(/[ ](?=[^\\)]*?(?:\\(|$))/);","    var data = (function () {","      switch (tokens[0]) {","        case 'S': return {type: 'string', x: +tokens[1], y: +tokens[2], string: tokens[3].replace(/^.|.$/g, '')};","        case 'F': return {type: 'font', height: +tokens[1], width: +tokens[2], font: (tokens[3] || '').replace(/^.|.$/g, '')};","        case 'P': return {type: 'endpage'};","        case 'C': return {type: 'color', r: +tokens[1], g: +tokens[2], b: +tokens[3]};","        case 'I': return {type: 'image', x: +tokens[1], y: +tokens[2], width: +tokens[3], height: +tokens[4]};","        case 'R': return {type: 'rectangle', x: +tokens[1], y: +tokens[2], width: +tokens[3], height: +tokens[4]};","      }","    })();","    if (data) {","      stream.emit('data', data);","    }","  });","","  var gs = spawn('gs', [","    '-q', '-dNODISPLAY',","    '-P-',","    '-dSAFER',","    '-dDELAYBIND',","    '-dWRITESYSTEMDICT',","    '-dCOMPLEX', path.join(__dirname, 'contrib/ps2ascii.ps'),","    '-', '-c', 'quit']);","  this.pdfStream().pipe(gs.stdin);","  gs.stdout.pipe(stream);","  gs.stderr.on('data', function (data) {","    console.error('gs encountered an error:\\n', String(data));","  });","  gs.on('exit', function (code) {","    stream.emit('end');","  });","  return stream;","};","","// Consumes this.pdfStream()","Command.prototype.contentStream = function () {","  function isNextStringPartOfLastString (b, a, font) {","    // NOTE: This is a completely arbitrary hueristic.","    // I wouldn't trust it to not break.","    return Math.abs(a.y - b.y) < 50 && Math.abs((a.x + (a.string.length*(font.width / 3))) - b.x) < (font.width + 10);","  }","","  function decode (str) {","    return String(str).replace(/\\\\(\\d{3}|.)/g, function (str, esc) {","      if (esc.length == 3) {","        return String.fromCharCode(parseInt(esc, 8));","      } else {","        try {","          return JSON.parse('\"' + str + '\"');","        } catch (e) {","          return esc;","        }","      }","    });","  }","","  var stream = new Stream(), str = '', first = null, last = null, font = null, color = null, imgindex = 0;","  this._commandStream().on('data', function (cmd) {","    if (cmd.type == 'string') {","      if (!last || isNextStringPartOfLastString(cmd, last, font)) {","        str += decode(cmd.string);","      } else {","        stream.emit('data', {","          type: 'string', x: (first || cmd).x, y: (first || cmd).y, ","          string: str, font: font, color: color","        });","        str = decode(cmd.string);","        first = cmd;","      }","      last = cmd;","    } else if (cmd.type == 'image') {","      cmd.index = imgindex++;","      stream.emit('data', cmd);","    } else if (cmd.type == 'font') {","      delete cmd.type;","      font = cmd;","    } else if (cmd.type == 'color') {","      delete cmd.type;","      color = cmd;","    }","  }).on('end', function () {","    if (str) {","      stream.emit('data', {","        type: 'string', x: (first || cmd).x, y: (first || cmd).y, ","        string: str, font: font, color: color","      });","      str = '';","    }","  });","  return stream;","};","","// Consumes this.pdfStream()","Command.prototype.textStream = function () {","  var stream = new Stream();","  this.contentStream().on('data', function (cmd) {","    if (cmd.type == 'string') {","      stream.emit('data', cmd.string);","    }","  })","  return stream;","};","","// Consumes this.pdfStream()","Command.prototype.extractImageStream = function (i) {","  // NOTE: This is pretty costly and uses another dependency.","  // Preferrably, this would be done in Ghostscript.","  i = i || 0;","  var stream = new Stream();","  if (!this._pdfimages) {","    var callback = this._pdfimages = promise();","    temp.mkdir('pdfimages', function (err, dirPath) {","      this.pdfStream()","        .pipe(fs.createWriteStream(path.join(dirPath, 'file.pdf')))","        .on('close', function () {","          var prog = spawn('pdfimages', ['-j', dirPath + '/file.pdf', dirPath + '/A']);","          prog.stderr.on('data', function (data) {","            process.stderr.write('pdfimages: ' + String(data));","          });","          prog.on('exit', function (code) {","            if (code) {","              console.error('pdfimages exited with failure code:', code);","              throw new Error('pdfimages failed.');","            }","            var files = fs.readdirSync(dirPath).slice(0, -1).map(function (file) {","              return dirPath + '/' + file;","            });","            callback.deliver(files);","          });","        }.bind(this))","    }.bind(this));","  }","","  // Add callback to promise.","  this._pdfimages(function (pdfimages) {","    if (!pdfimages[i]) {","      stream.emit('error', new Error('Image ' + i + ' out of bounds.'));","      return;","    }","    proxyStream(fs.createReadStream(pdfimages[i]), stream);","  });","","  return stream;","};","","Command.prototype._exec = function () {","  var stream = new Stream(), commands = this.commands.slice();","  this.onready(function () {","    proxyStream(commands.reduce(function (input, command) {","      var prog = spawn(command[0], command.slice(1));","      console.error('spawn:', command.join(' '));","      if (input) {","        input.pipe(prog.stdin);","      }","      prog.stderr.on('data', function (data) {","        process.stderr.write(command[0].match(/[^\\/]*$/)[0] + ': ' + String(data));","      });","      prog.on('exit', function (code) {","        if (code) {","          console.error(command[0], 'exited with failure code:', code);","        }","      });","      return prog.stdout;","    }, null), stream);","  });","  return stream;","}","","var spindrift = function (path) {","  return new Command(path);","}","","var joinTemp = temp.mkdirSync('pdfimages'), joinindex = 0;","","spindrift.join = function () {","  var args = Array.prototype.slice.call(arguments);","","  var outfile = joinTemp + '/' + (joinindex++) + '.pdf';","  var pdf = new Command(outfile, false);","","  async.map(args, function (arg, next) {","    var file = joinTemp + '/' + (joinindex++) + '.pdf';","    arg.pdfStream()","      .pipe(fs.createWriteStream(file))","      .on('close', function () {","        next(null, file);","      });","  }, function (err, files) {","    command = ['pdftk'].concat(files, ['output', outfile]);","    var prog = spawn(command[0], command.slice(1));","    console.error('spawn:', command.join(' '));","    prog.stderr.on('data', function (data) {","      process.stderr.write(command[0].match(/[^\\/]*$/)[0] + ': ' + String(data));","    });","    prog.on('exit', function (code) {","      if (code) {","        console.error(command[0], 'exited with failure code:', code);","      }","      // PDF is now ready.","      pdf.onready.deliver();","    });","  });","","  return pdf;","}","","module.exports = spindrift;"],"l":{"1":1,"2":1,"3":1,"4":1,"6":1,"7":1,"8":1,"14":1,"15":0,"16":0,"17":0,"18":0,"19":0,"22":0,"25":0,"26":0,"27":0,"28":0,"29":0,"33":0,"36":1,"37":0,"38":0,"47":1,"48":0,"49":0,"50":0,"51":0,"52":0,"56":1,"57":0,"58":0,"59":0,"60":0,"61":0,"64":1,"65":0,"66":0,"67":0,"70":1,"72":0,"73":0,"75":0,"81":1,"82":0,"83":0,"90":1,"91":0,"94":1,"95":0,"96":0,"103":1,"104":0,"105":0,"112":1,"113":0,"114":0,"121":1,"122":0,"123":0,"124":0,"125":0,"126":0,"127":0,"128":0,"129":0,"131":0,"138":1,"139":0,"140":0,"146":1,"147":0,"148":0,"154":1,"157":0,"158":0,"162":0,"163":0,"165":0,"168":1,"169":0,"170":0,"173":1,"174":0,"175":0,"178":1,"179":0,"180":0,"181":0,"182":0,"186":1,"187":0,"190":0,"191":0,"192":0,"193":0,"194":0,"195":0,"196":0,"197":0,"198":0,"199":0,"200":0,"203":0,"204":0,"208":0,"216":0,"217":0,"218":0,"219":0,"221":0,"222":0,"224":0,"228":1,"229":1,"232":0,"235":1,"236":0,"237":0,"238":0,"240":0,"241":0,"243":0,"249":0,"250":0,"251":0,"252":0,"253":0,"255":0,"259":0,"260":0,"262":0,"263":0,"264":0,"265":0,"266":0,"267":0,"268":0,"269":0,"270":0,"271":0,"274":0,"275":0,"279":0,"282":0,"286":1,"287":0,"288":0,"289":0,"290":0,"293":0,"297":1,"300":0,"301":0,"302":0,"303":0,"304":0,"305":0,"308":0,"309":0,"310":0,"312":0,"313":0,"314":0,"315":0,"317":0,"318":0,"320":0,"327":0,"328":0,"329":0,"330":0,"332":0,"335":0,"338":1,"339":0,"340":0,"341":0,"342":0,"343":0,"344":0,"345":0,"347":0,"348":0,"350":0,"351":0,"352":0,"355":0,"358":0,"361":1,"362":0,"365":1,"367":1,"368":0,"370":0,"371":0,"373":0,"374":0,"375":0,"378":0,"381":0,"382":0,"383":0,"384":0,"385":0,"387":0,"388":0,"389":0,"392":0,"396":0,"399":1}}}